# QEMU configure log Don Jun 16 10:31:37 CEST 2016
# Configured with: './configure' '--target-list=arm-softmmu' '--extra-cflags=-I/usr/include/libxml2' '--extra-ldflags=-lxml2' '--enable-sdl'
#
cc -D_GNU_SOURCE -D_FILE_OFFSET_BITS=64 -D_LARGEFILE_SOURCE -Wstrict-prototypes -Wredundant-decls -Wall -Wundef -Wwrite-strings -Wmissing-prototypes -fno-strict-aliasing -I/usr/include/libxml2 -c -o /tmp/qemu-conf--2473-.o /tmp/qemu-conf--2473-.c
cc -D_GNU_SOURCE -D_FILE_OFFSET_BITS=64 -D_LARGEFILE_SOURCE -Wstrict-prototypes -Wredundant-decls -Wall -Wundef -Wwrite-strings -Wmissing-prototypes -fno-strict-aliasing -I/usr/include/libxml2 -c -o /tmp/qemu-conf--2473-.o /tmp/qemu-conf--2473-.c
cc -m32 -D_GNU_SOURCE -D_FILE_OFFSET_BITS=64 -D_LARGEFILE_SOURCE -Wstrict-prototypes -Wredundant-decls -Wall -Wundef -Wwrite-strings -Wmissing-prototypes -fno-strict-aliasing -I/usr/include/libxml2 -c -o /tmp/qemu-conf--2473-.o /tmp/qemu-conf--2473-.c
cc -m32 -D_GNU_SOURCE -D_FILE_OFFSET_BITS=64 -D_LARGEFILE_SOURCE -Wstrict-prototypes -Wredundant-decls -Wall -Wundef -Wwrite-strings -Wmissing-prototypes -fno-strict-aliasing -I/usr/include/libxml2 -Werror -Wstring-plus-int -o /tmp/qemu-conf--2473-.exe /tmp/qemu-conf--2473-.c -m32 -g -lxml2
cc: error: unrecognized command line option ‘-Wstring-plus-int’
cc -m32 -D_GNU_SOURCE -D_FILE_OFFSET_BITS=64 -D_LARGEFILE_SOURCE -Wstrict-prototypes -Wredundant-decls -Wall -Wundef -Wwrite-strings -Wmissing-prototypes -fno-strict-aliasing -I/usr/include/libxml2 -Werror -Winitializer-overrides -o /tmp/qemu-conf--2473-.exe /tmp/qemu-conf--2473-.c -m32 -g -lxml2
cc: error: unrecognized command line option ‘-Winitializer-overrides’
cc -m32 -D_GNU_SOURCE -D_FILE_OFFSET_BITS=64 -D_LARGEFILE_SOURCE -Wstrict-prototypes -Wredundant-decls -Wall -Wundef -Wwrite-strings -Wmissing-prototypes -fno-strict-aliasing -I/usr/include/libxml2 -Werror -Wendif-labels -o /tmp/qemu-conf--2473-.exe /tmp/qemu-conf--2473-.c -m32 -g -lxml2
cc -m32 -D_GNU_SOURCE -D_FILE_OFFSET_BITS=64 -D_LARGEFILE_SOURCE -Wstrict-prototypes -Wredundant-decls -Wall -Wundef -Wwrite-strings -Wmissing-prototypes -fno-strict-aliasing -I/usr/include/libxml2 -Wendif-labels -Werror -Wmissing-include-dirs -o /tmp/qemu-conf--2473-.exe /tmp/qemu-conf--2473-.c -m32 -g -lxml2
cc -m32 -D_GNU_SOURCE -D_FILE_OFFSET_BITS=64 -D_LARGEFILE_SOURCE -Wstrict-prototypes -Wredundant-decls -Wall -Wundef -Wwrite-strings -Wmissing-prototypes -fno-strict-aliasing -I/usr/include/libxml2 -Wendif-labels -Wmissing-include-dirs -Werror -Wempty-body -o /tmp/qemu-conf--2473-.exe /tmp/qemu-conf--2473-.c -m32 -g -lxml2
cc -m32 -D_GNU_SOURCE -D_FILE_OFFSET_BITS=64 -D_LARGEFILE_SOURCE -Wstrict-prototypes -Wredundant-decls -Wall -Wundef -Wwrite-strings -Wmissing-prototypes -fno-strict-aliasing -I/usr/include/libxml2 -Wendif-labels -Wmissing-include-dirs -Wempty-body -Werror -Wnested-externs -o /tmp/qemu-conf--2473-.exe /tmp/qemu-conf--2473-.c -m32 -g -lxml2
cc -m32 -D_GNU_SOURCE -D_FILE_OFFSET_BITS=64 -D_LARGEFILE_SOURCE -Wstrict-prototypes -Wredundant-decls -Wall -Wundef -Wwrite-strings -Wmissing-prototypes -fno-strict-aliasing -I/usr/include/libxml2 -Wendif-labels -Wmissing-include-dirs -Wempty-body -Wnested-externs -Werror -Wformat-security -o /tmp/qemu-conf--2473-.exe /tmp/qemu-conf--2473-.c -m32 -g -lxml2
cc -m32 -D_GNU_SOURCE -D_FILE_OFFSET_BITS=64 -D_LARGEFILE_SOURCE -Wstrict-prototypes -Wredundant-decls -Wall -Wundef -Wwrite-strings -Wmissing-prototypes -fno-strict-aliasing -I/usr/include/libxml2 -Wendif-labels -Wmissing-include-dirs -Wempty-body -Wnested-externs -Wformat-security -Werror -Wformat-y2k -o /tmp/qemu-conf--2473-.exe /tmp/qemu-conf--2473-.c -m32 -g -lxml2
cc -m32 -D_GNU_SOURCE -D_FILE_OFFSET_BITS=64 -D_LARGEFILE_SOURCE -Wstrict-prototypes -Wredundant-decls -Wall -Wundef -Wwrite-strings -Wmissing-prototypes -fno-strict-aliasing -I/usr/include/libxml2 -Wendif-labels -Wmissing-include-dirs -Wempty-body -Wnested-externs -Wformat-security -Wformat-y2k -Werror -Winit-self -o /tmp/qemu-conf--2473-.exe /tmp/qemu-conf--2473-.c -m32 -g -lxml2
cc -m32 -D_GNU_SOURCE -D_FILE_OFFSET_BITS=64 -D_LARGEFILE_SOURCE -Wstrict-prototypes -Wredundant-decls -Wall -Wundef -Wwrite-strings -Wmissing-prototypes -fno-strict-aliasing -I/usr/include/libxml2 -Wendif-labels -Wmissing-include-dirs -Wempty-body -Wnested-externs -Wformat-security -Wformat-y2k -Winit-self -Werror -Wignored-qualifiers -o /tmp/qemu-conf--2473-.exe /tmp/qemu-conf--2473-.c -m32 -g -lxml2
cc -m32 -D_GNU_SOURCE -D_FILE_OFFSET_BITS=64 -D_LARGEFILE_SOURCE -Wstrict-prototypes -Wredundant-decls -Wall -Wundef -Wwrite-strings -Wmissing-prototypes -fno-strict-aliasing -I/usr/include/libxml2 -Wendif-labels -Wmissing-include-dirs -Wempty-body -Wnested-externs -Wformat-security -Wformat-y2k -Winit-self -Wignored-qualifiers -Werror -Wold-style-declaration -o /tmp/qemu-conf--2473-.exe /tmp/qemu-conf--2473-.c -m32 -g -lxml2
cc -m32 -D_GNU_SOURCE -D_FILE_OFFSET_BITS=64 -D_LARGEFILE_SOURCE -Wstrict-prototypes -Wredundant-decls -Wall -Wundef -Wwrite-strings -Wmissing-prototypes -fno-strict-aliasing -I/usr/include/libxml2 -Wendif-labels -Wmissing-include-dirs -Wempty-body -Wnested-externs -Wformat-security -Wformat-y2k -Winit-self -Wignored-qualifiers -Wold-style-declaration -Werror -Wold-style-definition -o /tmp/qemu-conf--2473-.exe /tmp/qemu-conf--2473-.c -m32 -g -lxml2
cc -m32 -D_GNU_SOURCE -D_FILE_OFFSET_BITS=64 -D_LARGEFILE_SOURCE -Wstrict-prototypes -Wredundant-decls -Wall -Wundef -Wwrite-strings -Wmissing-prototypes -fno-strict-aliasing -I/usr/include/libxml2 -Wendif-labels -Wmissing-include-dirs -Wempty-body -Wnested-externs -Wformat-security -Wformat-y2k -Winit-self -Wignored-qualifiers -Wold-style-declaration -Wold-style-definition -Werror -Wtype-limits -o /tmp/qemu-conf--2473-.exe /tmp/qemu-conf--2473-.c -m32 -g -lxml2
cc -m32 -D_GNU_SOURCE -D_FILE_OFFSET_BITS=64 -D_LARGEFILE_SOURCE -Wstrict-prototypes -Wredundant-decls -Wall -Wundef -Wwrite-strings -Wmissing-prototypes -fno-strict-aliasing -I/usr/include/libxml2 -Wendif-labels -Wmissing-include-dirs -Wempty-body -Wnested-externs -Wformat-security -Wformat-y2k -Winit-self -Wignored-qualifiers -Wold-style-declaration -Wold-style-definition -Wtype-limits -Werror -fstack-protector-all -o /tmp/qemu-conf--2473-.exe /tmp/qemu-conf--2473-.c -m32 -g -lxml2
cc -m32 -D_GNU_SOURCE -D_FILE_OFFSET_BITS=64 -D_LARGEFILE_SOURCE -Wstrict-prototypes -Wredundant-decls -Wall -Wundef -Wwrite-strings -Wmissing-prototypes -fno-strict-aliasing -I/usr/include/libxml2 -Wendif-labels -Wmissing-include-dirs -Wempty-body -Wnested-externs -Wformat-security -Wformat-y2k -Winit-self -Wignored-qualifiers -Wold-style-declaration -Wold-style-definition -Wtype-limits -fstack-protector-all -Werror -fno-gcse -o /tmp/qemu-conf--2473-.exe /tmp/qemu-conf--2473-.c -m32 -g -lxml2
/tmp/qemu-conf--2473-.c:4:2: error: #error No bug in this compiler.
 #error No bug in this compiler.
  ^
cc -m32 -D_GNU_SOURCE -D_FILE_OFFSET_BITS=64 -D_LARGEFILE_SOURCE -Wstrict-prototypes -Wredundant-decls -Wall -Wundef -Wwrite-strings -Wmissing-prototypes -fno-strict-aliasing -I/usr/include/libxml2 -Wendif-labels -Wmissing-include-dirs -Wempty-body -Wnested-externs -Wformat-security -Wformat-y2k -Winit-self -Wignored-qualifiers -Wold-style-declaration -Wold-style-definition -Wtype-limits -fstack-protector-all -fPIE -DPIE -o /tmp/qemu-conf--2473-.exe /tmp/qemu-conf--2473-.c -m32 -g -lxml2 -pie
cc -Werror -m32 -D_GNU_SOURCE -D_FILE_OFFSET_BITS=64 -D_LARGEFILE_SOURCE -Wstrict-prototypes -Wredundant-decls -Wall -Wundef -Wwrite-strings -Wmissing-prototypes -fno-strict-aliasing -I/usr/include/libxml2 -Wendif-labels -Wmissing-include-dirs -Wempty-body -Wnested-externs -Wformat-security -Wformat-y2k -Winit-self -Wignored-qualifiers -Wold-style-declaration -Wold-style-definition -Wtype-limits -fstack-protector-all -fPIE -DPIE -o /tmp/qemu-conf--2473-.exe /tmp/qemu-conf--2473-.c -m32 -g -lxml2 -pie
cc -fPIE -DPIE -m32 -D_GNU_SOURCE -D_FILE_OFFSET_BITS=64 -D_LARGEFILE_SOURCE -Wstrict-prototypes -Wredundant-decls -Wall -Wundef -Wwrite-strings -Wmissing-prototypes -fno-strict-aliasing -I/usr/include/libxml2 -Wendif-labels -Wmissing-include-dirs -Wempty-body -Wnested-externs -Wformat-security -Wformat-y2k -Winit-self -Wignored-qualifiers -Wold-style-declaration -Wold-style-definition -Wtype-limits -fstack-protector-all -o /tmp/qemu-conf--2473-.exe /tmp/qemu-conf--2473-.c -pie -m32 -g -lxml2 -Wl,-z,relro -Wl,-z,now
cc -Werror -fPIE -DPIE -m32 -D_GNU_SOURCE -D_FILE_OFFSET_BITS=64 -D_LARGEFILE_SOURCE -Wstrict-prototypes -Wredundant-decls -Wall -Wundef -Wwrite-strings -Wmissing-prototypes -fno-strict-aliasing -I/usr/include/libxml2 -Wendif-labels -Wmissing-include-dirs -Wempty-body -Wnested-externs -Wformat-security -Wformat-y2k -Winit-self -Wignored-qualifiers -Wold-style-declaration -Wold-style-definition -Wtype-limits -fstack-protector-all -o /tmp/qemu-conf--2473-.exe /tmp/qemu-conf--2473-.c -pie -m32 -g -lxml2 -Wl,-z,relro -Wl,-z,now
cc -fPIE -DPIE -m32 -D_GNU_SOURCE -D_FILE_OFFSET_BITS=64 -D_LARGEFILE_SOURCE -Wstrict-prototypes -Wredundant-decls -Wall -Wundef -Wwrite-strings -Wmissing-prototypes -fno-strict-aliasing -I/usr/include/libxml2 -Wendif-labels -Wmissing-include-dirs -Wempty-body -Wnested-externs -Wformat-security -Wformat-y2k -Winit-self -Wignored-qualifiers -Wold-style-declaration -Wold-style-definition -Wtype-limits -fstack-protector-all -o /tmp/qemu-conf--2473-.exe /tmp/qemu-conf--2473-.c -Wl,-z,relro -Wl,-z,now -pie -m32 -g -lxml2
cc -Werror -fPIE -DPIE -m32 -D_GNU_SOURCE -D_FILE_OFFSET_BITS=64 -D_LARGEFILE_SOURCE -Wstrict-prototypes -Wredundant-decls -Wall -Wundef -Wwrite-strings -Wmissing-prototypes -fno-strict-aliasing -I/usr/include/libxml2 -Wendif-labels -Wmissing-include-dirs -Wempty-body -Wnested-externs -Wformat-security -Wformat-y2k -Winit-self -Wignored-qualifiers -Wold-style-declaration -Wold-style-definition -Wtype-limits -fstack-protector-all -o /tmp/qemu-conf--2473-.exe /tmp/qemu-conf--2473-.c -Wl,-z,relro -Wl,-z,now -pie -m32 -g -lxml2
cc -fPIE -DPIE -m32 -D_GNU_SOURCE -D_FILE_OFFSET_BITS=64 -D_LARGEFILE_SOURCE -Wstrict-prototypes -Wredundant-decls -Wall -Wundef -Wwrite-strings -Wmissing-prototypes -fno-strict-aliasing -I/usr/include/libxml2 -Wendif-labels -Wmissing-include-dirs -Wempty-body -Wnested-externs -Wformat-security -Wformat-y2k -Winit-self -Wignored-qualifiers -Wold-style-declaration -Wold-style-definition -Wtype-limits -fstack-protector-all -c -o /tmp/qemu-conf--2473-.o /tmp/qemu-conf--2473-.c
cc -Werror -fPIE -DPIE -m32 -D_GNU_SOURCE -D_FILE_OFFSET_BITS=64 -D_LARGEFILE_SOURCE -Wstrict-prototypes -Wredundant-decls -Wall -Wundef -Wwrite-strings -Wmissing-prototypes -fno-strict-aliasing -I/usr/include/libxml2 -Wendif-labels -Wmissing-include-dirs -Wempty-body -Wnested-externs -Wformat-security -Wformat-y2k -Winit-self -Wignored-qualifiers -Wold-style-declaration -Wold-style-definition -Wtype-limits -fstack-protector-all -c -o /tmp/qemu-conf--2473-.o /tmp/qemu-conf--2473-.c
cc -fPIE -DPIE -m32 -D_GNU_SOURCE -D_FILE_OFFSET_BITS=64 -D_LARGEFILE_SOURCE -Wstrict-prototypes -Wredundant-decls -Wall -Wundef -Wwrite-strings -Wmissing-prototypes -fno-strict-aliasing -I/usr/include/libxml2 -Wendif-labels -Wmissing-include-dirs -Wempty-body -Wnested-externs -Wformat-security -Wformat-y2k -Winit-self -Wignored-qualifiers -Wold-style-declaration -Wold-style-definition -Wtype-limits -fstack-protector-all -c -o /tmp/qemu-conf--2473-.o /tmp/qemu-conf--2473-.c
cc -Werror -fPIE -DPIE -m32 -D_GNU_SOURCE -D_FILE_OFFSET_BITS=64 -D_LARGEFILE_SOURCE -Wstrict-prototypes -Wredundant-decls -Wall -Wundef -Wwrite-strings -Wmissing-prototypes -fno-strict-aliasing -I/usr/include/libxml2 -Wendif-labels -Wmissing-include-dirs -Wempty-body -Wnested-externs -Wformat-security -Wformat-y2k -Winit-self -Wignored-qualifiers -Wold-style-declaration -Wold-style-definition -Wtype-limits -fstack-protector-all -c -o /tmp/qemu-conf--2473-.o /tmp/qemu-conf--2473-.c
cc -fPIE -DPIE -m32 -D_GNU_SOURCE -D_FILE_OFFSET_BITS=64 -D_LARGEFILE_SOURCE -Wstrict-prototypes -Wredundant-decls -Wall -Wundef -Wwrite-strings -Wmissing-prototypes -fno-strict-aliasing -I/usr/include/libxml2 -Wendif-labels -Wmissing-include-dirs -Wempty-body -Wnested-externs -Wformat-security -Wformat-y2k -Winit-self -Wignored-qualifiers -Wold-style-declaration -Wold-style-definition -Wtype-limits -fstack-protector-all -o /tmp/qemu-conf--2473-.exe /tmp/qemu-conf--2473-.c -Wl,-z,relro -Wl,-z,now -pie -m32 -g -lxml2 -lz
cc -Werror -fPIE -DPIE -m32 -D_GNU_SOURCE -D_FILE_OFFSET_BITS=64 -D_LARGEFILE_SOURCE -Wstrict-prototypes -Wredundant-decls -Wall -Wundef -Wwrite-strings -Wmissing-prototypes -fno-strict-aliasing -I/usr/include/libxml2 -Wendif-labels -Wmissing-include-dirs -Wempty-body -Wnested-externs -Wformat-security -Wformat-y2k -Winit-self -Wignored-qualifiers -Wold-style-declaration -Wold-style-definition -Wtype-limits -fstack-protector-all -o /tmp/qemu-conf--2473-.exe /tmp/qemu-conf--2473-.c -Wl,-z,relro -Wl,-z,now -pie -m32 -g -lxml2 -lz
cc -fPIE -DPIE -m32 -D_GNU_SOURCE -D_FILE_OFFSET_BITS=64 -D_LARGEFILE_SOURCE -Wstrict-prototypes -Wredundant-decls -Wall -Wundef -Wwrite-strings -Wmissing-prototypes -fno-strict-aliasing -I/usr/include/libxml2 -Wendif-labels -Wmissing-include-dirs -Wempty-body -Wnested-externs -Wformat-security -Wformat-y2k -Winit-self -Wignored-qualifiers -Wold-style-declaration -Wold-style-definition -Wtype-limits -fstack-protector-all -o /tmp/qemu-conf--2473-.exe /tmp/qemu-conf--2473-.c -Wl,-z,relro -Wl,-z,now -pie -m32 -g -lxml2 -lxenstore -lxenctrl -lxenguest
/tmp/qemu-conf--2473-.c:1:21: fatal error: xenctrl.h: No such file or directory
 #include <xenctrl.h>
                     ^
compilation terminated.
cc -fPIE -DPIE -m32 -D_GNU_SOURCE -D_FILE_OFFSET_BITS=64 -D_LARGEFILE_SOURCE -Wstrict-prototypes -Wredundant-decls -Wall -Wundef -Wwrite-strings -Wmissing-prototypes -fno-strict-aliasing -I/usr/include/libxml2 -Wendif-labels -Wmissing-include-dirs -Wempty-body -Wnested-externs -Wformat-security -Wformat-y2k -Winit-self -Wignored-qualifiers -Wold-style-declaration -Wold-style-definition -Wtype-limits -fstack-protector-all -D_GNU_SOURCE=1 -D_REENTRANT -I/usr/include/SDL -o /tmp/qemu-conf--2473-.exe /tmp/qemu-conf--2473-.c -Wl,-z,relro -Wl,-z,now -pie -m32 -g -lxml2 -lSDL
cc -Werror -fPIE -DPIE -m32 -D_GNU_SOURCE -D_FILE_OFFSET_BITS=64 -D_LARGEFILE_SOURCE -Wstrict-prototypes -Wredundant-decls -Wall -Wundef -Wwrite-strings -Wmissing-prototypes -fno-strict-aliasing -I/usr/include/libxml2 -Wendif-labels -Wmissing-include-dirs -Wempty-body -Wnested-externs -Wformat-security -Wformat-y2k -Winit-self -Wignored-qualifiers -Wold-style-declaration -Wold-style-definition -Wtype-limits -fstack-protector-all -D_GNU_SOURCE=1 -D_REENTRANT -I/usr/include/SDL -o /tmp/qemu-conf--2473-.exe /tmp/qemu-conf--2473-.c -Wl,-z,relro -Wl,-z,now -pie -m32 -g -lxml2 -lSDL
cc -fPIE -DPIE -m32 -D_GNU_SOURCE -D_FILE_OFFSET_BITS=64 -D_LARGEFILE_SOURCE -Wstrict-prototypes -Wredundant-decls -Wall -Wundef -Wwrite-strings -Wmissing-prototypes -fno-strict-aliasing -I/usr/include/libxml2 -Wendif-labels -Wmissing-include-dirs -Wempty-body -Wnested-externs -Wformat-security -Wformat-y2k -Winit-self -Wignored-qualifiers -Wold-style-declaration -Wold-style-definition -Wtype-limits -fstack-protector-all -D_GNU_SOURCE=1 -D_REENTRANT -I/usr/include/SDL -o /tmp/qemu-conf--2473-.exe /tmp/qemu-conf--2473-.c -Wl,-z,relro -Wl,-z,now -pie -m32 -g -lxml2 -lSDL
cc -Werror -fPIE -DPIE -m32 -D_GNU_SOURCE -D_FILE_OFFSET_BITS=64 -D_LARGEFILE_SOURCE -Wstrict-prototypes -Wredundant-decls -Wall -Wundef -Wwrite-strings -Wmissing-prototypes -fno-strict-aliasing -I/usr/include/libxml2 -Wendif-labels -Wmissing-include-dirs -Wempty-body -Wnested-externs -Wformat-security -Wformat-y2k -Winit-self -Wignored-qualifiers -Wold-style-declaration -Wold-style-definition -Wtype-limits -fstack-protector-all -D_GNU_SOURCE=1 -D_REENTRANT -I/usr/include/SDL -o /tmp/qemu-conf--2473-.exe /tmp/qemu-conf--2473-.c -Wl,-z,relro -Wl,-z,now -pie -m32 -g -lxml2 -lSDL
cc -fPIE -DPIE -m32 -D_GNU_SOURCE -D_FILE_OFFSET_BITS=64 -D_LARGEFILE_SOURCE -Wstrict-prototypes -Wredundant-decls -Wall -Wundef -Wwrite-strings -Wmissing-prototypes -fno-strict-aliasing -I/usr/include/libxml2 -Wendif-labels -Wmissing-include-dirs -Wempty-body -Wnested-externs -Wformat-security -Wformat-y2k -Winit-self -Wignored-qualifiers -Wold-style-declaration -Wold-style-definition -Wtype-limits -fstack-protector-all -o /tmp/qemu-conf--2473-.exe /tmp/qemu-conf--2473-.c -Wl,-z,relro -Wl,-z,now -pie -m32 -g -lxml2 -lrdmacm -libverbs
/tmp/qemu-conf--2473-.c:1:27: fatal error: rdma/rdma_cma.h: No such file or directory
 #include <rdma/rdma_cma.h>
                           ^
compilation terminated.
cc -fPIE -DPIE -m32 -D_GNU_SOURCE -D_FILE_OFFSET_BITS=64 -D_LARGEFILE_SOURCE -Wstrict-prototypes -Wredundant-decls -Wall -Wundef -Wwrite-strings -Wmissing-prototypes -fno-strict-aliasing -I/usr/include/libxml2 -Wendif-labels -Wmissing-include-dirs -Wempty-body -Wnested-externs -Wformat-security -Wformat-y2k -Winit-self -Wignored-qualifiers -Wold-style-declaration -Wold-style-definition -Wtype-limits -fstack-protector-all -I/usr/include/p11-kit-1 -o /tmp/qemu-conf--2473-.exe /tmp/qemu-conf--2473-.c -Wl,-z,relro -Wl,-z,now -pie -m32 -g -lxml2 -lgnutls
cc -Werror -fPIE -DPIE -m32 -D_GNU_SOURCE -D_FILE_OFFSET_BITS=64 -D_LARGEFILE_SOURCE -Wstrict-prototypes -Wredundant-decls -Wall -Wundef -Wwrite-strings -Wmissing-prototypes -fno-strict-aliasing -I/usr/include/libxml2 -Wendif-labels -Wmissing-include-dirs -Wempty-body -Wnested-externs -Wformat-security -Wformat-y2k -Winit-self -Wignored-qualifiers -Wold-style-declaration -Wold-style-definition -Wtype-limits -fstack-protector-all -I/usr/include/p11-kit-1 -o /tmp/qemu-conf--2473-.exe /tmp/qemu-conf--2473-.c -Wl,-z,relro -Wl,-z,now -pie -m32 -g -lxml2 -lgnutls
cc -fPIE -DPIE -m32 -D_GNU_SOURCE -D_FILE_OFFSET_BITS=64 -D_LARGEFILE_SOURCE -Wstrict-prototypes -Wredundant-decls -Wall -Wundef -Wwrite-strings -Wmissing-prototypes -fno-strict-aliasing -I/usr/include/libxml2 -Wendif-labels -Wmissing-include-dirs -Wempty-body -Wnested-externs -Wformat-security -Wformat-y2k -Winit-self -Wignored-qualifiers -Wold-style-declaration -Wold-style-definition -Wtype-limits -fstack-protector-all -I/usr/include/p11-kit-1 -o /tmp/qemu-conf--2473-.exe /tmp/qemu-conf--2473-.c -Wl,-z,relro -Wl,-z,now -pie -m32 -g -lxml2 -lsasl2
/tmp/qemu-conf--2473-.c:1:23: fatal error: sasl/sasl.h: No such file or directory
 #include <sasl/sasl.h>
                       ^
compilation terminated.
cc -fPIE -DPIE -m32 -D_GNU_SOURCE -D_FILE_OFFSET_BITS=64 -D_LARGEFILE_SOURCE -Wstrict-prototypes -Wredundant-decls -Wall -Wundef -Wwrite-strings -Wmissing-prototypes -fno-strict-aliasing -I/usr/include/libxml2 -Wendif-labels -Wmissing-include-dirs -Wempty-body -Wnested-externs -Wformat-security -Wformat-y2k -Winit-self -Wignored-qualifiers -Wold-style-declaration -Wold-style-definition -Wtype-limits -fstack-protector-all -I/usr/include/p11-kit-1 -o /tmp/qemu-conf--2473-.exe /tmp/qemu-conf--2473-.c -Wl,-z,relro -Wl,-z,now -pie -m32 -g -lxml2 -ljpeg
cc -Werror -fPIE -DPIE -m32 -D_GNU_SOURCE -D_FILE_OFFSET_BITS=64 -D_LARGEFILE_SOURCE -Wstrict-prototypes -Wredundant-decls -Wall -Wundef -Wwrite-strings -Wmissing-prototypes -fno-strict-aliasing -I/usr/include/libxml2 -Wendif-labels -Wmissing-include-dirs -Wempty-body -Wnested-externs -Wformat-security -Wformat-y2k -Winit-self -Wignored-qualifiers -Wold-style-declaration -Wold-style-definition -Wtype-limits -fstack-protector-all -I/usr/include/p11-kit-1 -o /tmp/qemu-conf--2473-.exe /tmp/qemu-conf--2473-.c -Wl,-z,relro -Wl,-z,now -pie -m32 -g -lxml2 -ljpeg
cc -fPIE -DPIE -m32 -D_GNU_SOURCE -D_FILE_OFFSET_BITS=64 -D_LARGEFILE_SOURCE -Wstrict-prototypes -Wredundant-decls -Wall -Wundef -Wwrite-strings -Wmissing-prototypes -fno-strict-aliasing -I/usr/include/libxml2 -Wendif-labels -Wmissing-include-dirs -Wempty-body -Wnested-externs -Wformat-security -Wformat-y2k -Winit-self -Wignored-qualifiers -Wold-style-declaration -Wold-style-definition -Wtype-limits -fstack-protector-all -I/usr/include/p11-kit-1 -I/usr/include/libpng12 -o /tmp/qemu-conf--2473-.exe /tmp/qemu-conf--2473-.c -Wl,-z,relro -Wl,-z,now -pie -m32 -g -lxml2 -lpng12
cc -Werror -fPIE -DPIE -m32 -D_GNU_SOURCE -D_FILE_OFFSET_BITS=64 -D_LARGEFILE_SOURCE -Wstrict-prototypes -Wredundant-decls -Wall -Wundef -Wwrite-strings -Wmissing-prototypes -fno-strict-aliasing -I/usr/include/libxml2 -Wendif-labels -Wmissing-include-dirs -Wempty-body -Wnested-externs -Wformat-security -Wformat-y2k -Winit-self -Wignored-qualifiers -Wold-style-declaration -Wold-style-definition -Wtype-limits -fstack-protector-all -I/usr/include/p11-kit-1 -I/usr/include/libpng12 -o /tmp/qemu-conf--2473-.exe /tmp/qemu-conf--2473-.c -Wl,-z,relro -Wl,-z,now -pie -m32 -g -lxml2 -lpng12
cc -fPIE -DPIE -m32 -D_GNU_SOURCE -D_FILE_OFFSET_BITS=64 -D_LARGEFILE_SOURCE -Wstrict-prototypes -Wredundant-decls -Wall -Wundef -Wwrite-strings -Wmissing-prototypes -fno-strict-aliasing -I/usr/include/libxml2 -Wendif-labels -Wmissing-include-dirs -Wempty-body -Wnested-externs -Wformat-security -Wformat-y2k -Winit-self -Wignored-qualifiers -Wold-style-declaration -Wold-style-definition -Wtype-limits -fstack-protector-all -I/usr/include/p11-kit-1 -I/usr/include/libpng12 -o /tmp/qemu-conf--2473-.exe /tmp/qemu-conf--2473-.c -Wl,-z,relro -Wl,-z,now -pie -m32 -g -lxml2
cc -Werror -fPIE -DPIE -m32 -D_GNU_SOURCE -D_FILE_OFFSET_BITS=64 -D_LARGEFILE_SOURCE -Wstrict-prototypes -Wredundant-decls -Wall -Wundef -Wwrite-strings -Wmissing-prototypes -fno-strict-aliasing -I/usr/include/libxml2 -Wendif-labels -Wmissing-include-dirs -Wempty-body -Wnested-externs -Wformat-security -Wformat-y2k -Winit-self -Wignored-qualifiers -Wold-style-declaration -Wold-style-definition -Wtype-limits -fstack-protector-all -I/usr/include/p11-kit-1 -I/usr/include/libpng12 -o /tmp/qemu-conf--2473-.exe /tmp/qemu-conf--2473-.c -Wl,-z,relro -Wl,-z,now -pie -m32 -g -lxml2
cc -fPIE -DPIE -m32 -D_GNU_SOURCE -D_FILE_OFFSET_BITS=64 -D_LARGEFILE_SOURCE -Wstrict-prototypes -Wredundant-decls -Wall -Wundef -Wwrite-strings -Wmissing-prototypes -fno-strict-aliasing -I/usr/include/libxml2 -Wendif-labels -Wmissing-include-dirs -Wempty-body -Wnested-externs -Wformat-security -Wformat-y2k -Winit-self -Wignored-qualifiers -Wold-style-declaration -Wold-style-definition -Wtype-limits -fstack-protector-all -I/usr/include/p11-kit-1 -I/usr/include/libpng12 -o /tmp/qemu-conf--2473-.exe /tmp/qemu-conf--2473-.c -Wl,-z,relro -Wl,-z,now -pie -m32 -g -lxml2
/tmp/qemu-conf--2473-.c:1:23: fatal error: uuid/uuid.h: No such file or directory
 #include <uuid/uuid.h>
                       ^
compilation terminated.
cc -fPIE -DPIE -m32 -D_GNU_SOURCE -D_FILE_OFFSET_BITS=64 -D_LARGEFILE_SOURCE -Wstrict-prototypes -Wredundant-decls -Wall -Wundef -Wwrite-strings -Wmissing-prototypes -fno-strict-aliasing -I/usr/include/libxml2 -Wendif-labels -Wmissing-include-dirs -Wempty-body -Wnested-externs -Wformat-security -Wformat-y2k -Winit-self -Wignored-qualifiers -Wold-style-declaration -Wold-style-definition -Wtype-limits -fstack-protector-all -I/usr/include/p11-kit-1 -I/usr/include/libpng12 -o /tmp/qemu-conf--2473-.exe /tmp/qemu-conf--2473-.c -Wl,-z,relro -Wl,-z,now -pie -m32 -g -lxml2 -luuid
/tmp/qemu-conf--2473-.c:1:23: fatal error: uuid/uuid.h: No such file or directory
 #include <uuid/uuid.h>
                       ^
compilation terminated.
cc -fPIE -DPIE -m32 -D_GNU_SOURCE -D_FILE_OFFSET_BITS=64 -D_LARGEFILE_SOURCE -Wstrict-prototypes -Wredundant-decls -Wall -Wundef -Wwrite-strings -Wmissing-prototypes -fno-strict-aliasing -I/usr/include/libxml2 -Wendif-labels -Wmissing-include-dirs -Wempty-body -Wnested-externs -Wformat-security -Wformat-y2k -Winit-self -Wignored-qualifiers -Wold-style-declaration -Wold-style-definition -Wtype-limits -fstack-protector-all -I/usr/include/p11-kit-1 -I/usr/include/libpng12 -o /tmp/qemu-conf--2473-.exe /tmp/qemu-conf--2473-.c -Wl,-z,relro -Wl,-z,now -pie -m32 -g -lxml2
/tmp/qemu-conf--2473-.c:2:21: fatal error: xfs/xfs.h: No such file or directory
 #include <xfs/xfs.h>
                     ^
compilation terminated.
cc -fPIE -DPIE -m32 -D_GNU_SOURCE -D_FILE_OFFSET_BITS=64 -D_LARGEFILE_SOURCE -Wstrict-prototypes -Wredundant-decls -Wall -Wundef -Wwrite-strings -Wmissing-prototypes -fno-strict-aliasing -I/usr/include/libxml2 -Wendif-labels -Wmissing-include-dirs -Wempty-body -Wnested-externs -Wformat-security -Wformat-y2k -Winit-self -Wignored-qualifiers -Wold-style-declaration -Wold-style-definition -Wtype-limits -fstack-protector-all -I/usr/include/p11-kit-1 -I/usr/include/libpng12 -o /tmp/qemu-conf--2473-.exe /tmp/qemu-conf--2473-.c -Wl,-z,relro -Wl,-z,now -pie -m32 -g -lxml2 -lvdeplug
/tmp/qemu-conf--2473-.c:1:24: fatal error: libvdeplug.h: No such file or directory
 #include <libvdeplug.h>
                        ^
compilation terminated.
cc -fPIE -DPIE -m32 -D_GNU_SOURCE -D_FILE_OFFSET_BITS=64 -D_LARGEFILE_SOURCE -Wstrict-prototypes -Wredundant-decls -Wall -Wundef -Wwrite-strings -Wmissing-prototypes -fno-strict-aliasing -I/usr/include/libxml2 -Wendif-labels -Wmissing-include-dirs -Wempty-body -Wnested-externs -Wformat-security -Wformat-y2k -Winit-self -Wignored-qualifiers -Wold-style-declaration -Wold-style-definition -Wtype-limits -fstack-protector-all -I/usr/include/p11-kit-1 -I/usr/include/libpng12 -o /tmp/qemu-conf--2473-.exe /tmp/qemu-conf--2473-.c -Wl,-z,relro -Wl,-z,now -pie -m32 -g -lxml2 -lcap-ng
/tmp/qemu-conf--2473-.c:1:20: fatal error: cap-ng.h: No such file or directory
 #include <cap-ng.h>
                    ^
compilation terminated.
cc -fPIE -DPIE -m32 -D_GNU_SOURCE -D_FILE_OFFSET_BITS=64 -D_LARGEFILE_SOURCE -Wstrict-prototypes -Wredundant-decls -Wall -Wundef -Wwrite-strings -Wmissing-prototypes -fno-strict-aliasing -I/usr/include/libxml2 -Wendif-labels -Wmissing-include-dirs -Wempty-body -Wnested-externs -Wformat-security -Wformat-y2k -Winit-self -Wignored-qualifiers -Wold-style-declaration -Wold-style-definition -Wtype-limits -fstack-protector-all -I/usr/include/p11-kit-1 -I/usr/include/libpng12 -o /tmp/qemu-conf--2473-.exe /tmp/qemu-conf--2473-.c -Wl,-z,relro -Wl,-z,now -pie -m32 -g -lxml2 -lbrlapi
/tmp/qemu-conf--2473-.c:1:20: fatal error: brlapi.h: No such file or directory
 #include <brlapi.h>
                    ^
compilation terminated.
cc -fPIE -DPIE -m32 -D_GNU_SOURCE -D_FILE_OFFSET_BITS=64 -D_LARGEFILE_SOURCE -Wstrict-prototypes -Wredundant-decls -Wall -Wundef -Wwrite-strings -Wmissing-prototypes -fno-strict-aliasing -I/usr/include/libxml2 -Wendif-labels -Wmissing-include-dirs -Wempty-body -Wnested-externs -Wformat-security -Wformat-y2k -Winit-self -Wignored-qualifiers -Wold-style-declaration -Wold-style-definition -Wtype-limits -fstack-protector-all -I/usr/include/p11-kit-1 -I/usr/include/libpng12 -o /tmp/qemu-conf--2473-.exe /tmp/qemu-conf--2473-.c -Wl,-z,relro -Wl,-z,now -pie -m32 -g -lxml2 -lncurses
cc -Werror -fPIE -DPIE -m32 -D_GNU_SOURCE -D_FILE_OFFSET_BITS=64 -D_LARGEFILE_SOURCE -Wstrict-prototypes -Wredundant-decls -Wall -Wundef -Wwrite-strings -Wmissing-prototypes -fno-strict-aliasing -I/usr/include/libxml2 -Wendif-labels -Wmissing-include-dirs -Wempty-body -Wnested-externs -Wformat-security -Wformat-y2k -Winit-self -Wignored-qualifiers -Wold-style-declaration -Wold-style-definition -Wtype-limits -fstack-protector-all -I/usr/include/p11-kit-1 -I/usr/include/libpng12 -o /tmp/qemu-conf--2473-.exe /tmp/qemu-conf--2473-.c -Wl,-z,relro -Wl,-z,now -pie -m32 -g -lxml2 -lncurses
cc -fPIE -DPIE -m32 -D_GNU_SOURCE -D_FILE_OFFSET_BITS=64 -D_LARGEFILE_SOURCE -Wstrict-prototypes -Wredundant-decls -Wall -Wundef -Wwrite-strings -Wmissing-prototypes -fno-strict-aliasing -I/usr/include/libxml2 -Wendif-labels -Wmissing-include-dirs -Wempty-body -Wnested-externs -Wformat-security -Wformat-y2k -Winit-self -Wignored-qualifiers -Wold-style-declaration -Wold-style-definition -Wtype-limits -fstack-protector-all -I/usr/include/p11-kit-1 -I/usr/include/libpng12 -o /tmp/qemu-conf--2473-.exe /tmp/qemu-conf--2473-.c -Wl,-z,relro -Wl,-z,now -pie -m32 -g -lxml2 -lcurl
cc -Werror -fPIE -DPIE -m32 -D_GNU_SOURCE -D_FILE_OFFSET_BITS=64 -D_LARGEFILE_SOURCE -Wstrict-prototypes -Wredundant-decls -Wall -Wundef -Wwrite-strings -Wmissing-prototypes -fno-strict-aliasing -I/usr/include/libxml2 -Wendif-labels -Wmissing-include-dirs -Wempty-body -Wnested-externs -Wformat-security -Wformat-y2k -Winit-self -Wignored-qualifiers -Wold-style-declaration -Wold-style-definition -Wtype-limits -fstack-protector-all -I/usr/include/p11-kit-1 -I/usr/include/libpng12 -o /tmp/qemu-conf--2473-.exe /tmp/qemu-conf--2473-.c -Wl,-z,relro -Wl,-z,now -pie -m32 -g -lxml2 -lcurl
cc -fPIE -DPIE -m32 -D_GNU_SOURCE -D_FILE_OFFSET_BITS=64 -D_LARGEFILE_SOURCE -Wstrict-prototypes -Wredundant-decls -Wall -Wundef -Wwrite-strings -Wmissing-prototypes -fno-strict-aliasing -I/usr/include/libxml2 -Wendif-labels -Wmissing-include-dirs -Wempty-body -Wnested-externs -Wformat-security -Wformat-y2k -Winit-self -Wignored-qualifiers -Wold-style-declaration -Wold-style-definition -Wtype-limits -fstack-protector-all -I/usr/include/p11-kit-1 -I/usr/include/libpng12 -o /tmp/qemu-conf--2473-.exe /tmp/qemu-conf--2473-.c -Wl,-z,relro -Wl,-z,now -pie -m32 -g -lxml2
/tmp/qemu-conf--2473-.c:1:33: fatal error: bluetooth/bluetooth.h: No such file or directory
 #include <bluetooth/bluetooth.h>
                                 ^
compilation terminated.
cc -fPIE -DPIE -m32 -D_GNU_SOURCE -D_FILE_OFFSET_BITS=64 -D_LARGEFILE_SOURCE -Wstrict-prototypes -Wredundant-decls -Wall -Wundef -Wwrite-strings -Wmissing-prototypes -fno-strict-aliasing -I/usr/include/libxml2 -Wendif-labels -Wmissing-include-dirs -Wempty-body -Wnested-externs -Wformat-security -Wformat-y2k -Winit-self -Wignored-qualifiers -Wold-style-declaration -Wold-style-definition -Wtype-limits -fstack-protector-all -I/usr/include/p11-kit-1 -I/usr/include/libpng12 -o /tmp/qemu-conf--2473-.exe /tmp/qemu-conf--2473-.c -Wl,-z,relro -Wl,-z,now -pie -m32 -g -lxml2 -lcap
/tmp/qemu-conf--2473-.c:2:28: fatal error: sys/capability.h: No such file or directory
 #include <sys/capability.h>
                            ^
compilation terminated.
cc -fPIE -DPIE -m32 -D_GNU_SOURCE -D_FILE_OFFSET_BITS=64 -D_LARGEFILE_SOURCE -Wstrict-prototypes -Wredundant-decls -Wall -Wundef -Wwrite-strings -Wmissing-prototypes -fno-strict-aliasing -I/usr/include/libxml2 -Wendif-labels -Wmissing-include-dirs -Wempty-body -Wnested-externs -Wformat-security -Wformat-y2k -Winit-self -Wignored-qualifiers -Wold-style-declaration -Wold-style-definition -Wtype-limits -fstack-protector-all -I/usr/include/p11-kit-1 -I/usr/include/libpng12 -o /tmp/qemu-conf--2473-.exe /tmp/qemu-conf--2473-.c -Wl,-z,relro -Wl,-z,now -pie -m32 -g -lxml2
/tmp/ccrJAW9D.o: In function `main':
/tmp/qemu-conf--2473-.c:5: undefined reference to `pthread_create'
collect2: error: ld returned 1 exit status
cc -fPIE -DPIE -m32 -D_GNU_SOURCE -D_FILE_OFFSET_BITS=64 -D_LARGEFILE_SOURCE -Wstrict-prototypes -Wredundant-decls -Wall -Wundef -Wwrite-strings -Wmissing-prototypes -fno-strict-aliasing -I/usr/include/libxml2 -Wendif-labels -Wmissing-include-dirs -Wempty-body -Wnested-externs -Wformat-security -Wformat-y2k -Winit-self -Wignored-qualifiers -Wold-style-declaration -Wold-style-definition -Wtype-limits -fstack-protector-all -I/usr/include/p11-kit-1 -I/usr/include/libpng12 -o /tmp/qemu-conf--2473-.exe /tmp/qemu-conf--2473-.c -Wl,-z,relro -Wl,-z,now -pie -m32 -g -lxml2 -pthread
cc -Werror -fPIE -DPIE -m32 -D_GNU_SOURCE -D_FILE_OFFSET_BITS=64 -D_LARGEFILE_SOURCE -Wstrict-prototypes -Wredundant-decls -Wall -Wundef -Wwrite-strings -Wmissing-prototypes -fno-strict-aliasing -I/usr/include/libxml2 -Wendif-labels -Wmissing-include-dirs -Wempty-body -Wnested-externs -Wformat-security -Wformat-y2k -Winit-self -Wignored-qualifiers -Wold-style-declaration -Wold-style-definition -Wtype-limits -fstack-protector-all -I/usr/include/p11-kit-1 -I/usr/include/libpng12 -o /tmp/qemu-conf--2473-.exe /tmp/qemu-conf--2473-.c -Wl,-z,relro -Wl,-z,now -pie -m32 -g -lxml2 -pthread
cc -fPIE -DPIE -m32 -D_GNU_SOURCE -D_FILE_OFFSET_BITS=64 -D_LARGEFILE_SOURCE -Wstrict-prototypes -Wredundant-decls -Wall -Wundef -Wwrite-strings -Wmissing-prototypes -fno-strict-aliasing -I/usr/include/libxml2 -Wendif-labels -Wmissing-include-dirs -Wempty-body -Wnested-externs -Wformat-security -Wformat-y2k -Winit-self -Wignored-qualifiers -Wold-style-declaration -Wold-style-definition -Wtype-limits -fstack-protector-all -I/usr/include/p11-kit-1 -I/usr/include/libpng12 -o /tmp/qemu-conf--2473-.exe /tmp/qemu-conf--2473-.c -Wl,-z,relro -Wl,-z,now -pie -m32 -g -lxml2 -lrbd -lrados
/tmp/qemu-conf--2473-.c:2:24: fatal error: rbd/librbd.h: No such file or directory
 #include <rbd/librbd.h>
                        ^
compilation terminated.
cc -fPIE -DPIE -m32 -D_GNU_SOURCE -D_FILE_OFFSET_BITS=64 -D_LARGEFILE_SOURCE -Wstrict-prototypes -Wredundant-decls -Wall -Wundef -Wwrite-strings -Wmissing-prototypes -fno-strict-aliasing -I/usr/include/libxml2 -Wendif-labels -Wmissing-include-dirs -Wempty-body -Wnested-externs -Wformat-security -Wformat-y2k -Winit-self -Wignored-qualifiers -Wold-style-declaration -Wold-style-definition -Wtype-limits -fstack-protector-all -I/usr/include/p11-kit-1 -I/usr/include/libpng12 -o /tmp/qemu-conf--2473-.exe /tmp/qemu-conf--2473-.c -Wl,-z,relro -Wl,-z,now -pie -m32 -g -lxml2 -laio
/tmp/qemu-conf--2473-.c:1:20: fatal error: libaio.h: No such file or directory
 #include <libaio.h>
                    ^
compilation terminated.
cc -fPIE -DPIE -m32 -D_GNU_SOURCE -D_FILE_OFFSET_BITS=64 -D_LARGEFILE_SOURCE -Wstrict-prototypes -Wredundant-decls -Wall -Wundef -Wwrite-strings -Wmissing-prototypes -fno-strict-aliasing -I/usr/include/libxml2 -Wendif-labels -Wmissing-include-dirs -Wempty-body -Wnested-externs -Wformat-security -Wformat-y2k -Winit-self -Wignored-qualifiers -Wold-style-declaration -Wold-style-definition -Wtype-limits -fstack-protector-all -I/usr/include/p11-kit-1 -I/usr/include/libpng12 -o /tmp/qemu-conf--2473-.exe /tmp/qemu-conf--2473-.c -Wl,-z,relro -Wl,-z,now -pie -m32 -g -lxml2
cc -Werror -fPIE -DPIE -m32 -D_GNU_SOURCE -D_FILE_OFFSET_BITS=64 -D_LARGEFILE_SOURCE -Wstrict-prototypes -Wredundant-decls -Wall -Wundef -Wwrite-strings -Wmissing-prototypes -fno-strict-aliasing -I/usr/include/libxml2 -Wendif-labels -Wmissing-include-dirs -Wempty-body -Wnested-externs -Wformat-security -Wformat-y2k -Winit-self -Wignored-qualifiers -Wold-style-declaration -Wold-style-definition -Wtype-limits -fstack-protector-all -I/usr/include/p11-kit-1 -I/usr/include/libpng12 -o /tmp/qemu-conf--2473-.exe /tmp/qemu-conf--2473-.c -Wl,-z,relro -Wl,-z,now -pie -m32 -g -lxml2
cc -fPIE -DPIE -m32 -D_GNU_SOURCE -D_FILE_OFFSET_BITS=64 -D_LARGEFILE_SOURCE -Wstrict-prototypes -Wredundant-decls -Wall -Wundef -Wwrite-strings -Wmissing-prototypes -fno-strict-aliasing -I/usr/include/libxml2 -Wendif-labels -Wmissing-include-dirs -Wempty-body -Wnested-externs -Wformat-security -Wformat-y2k -Winit-self -Wignored-qualifiers -Wold-style-declaration -Wold-style-definition -Wtype-limits -fstack-protector-all -I/usr/include/p11-kit-1 -I/usr/include/libpng12 -o /tmp/qemu-conf--2473-.exe /tmp/qemu-conf--2473-.c -Wl,-z,relro -Wl,-z,now -pie -m32 -g -lxml2
cc -Werror -fPIE -DPIE -m32 -D_GNU_SOURCE -D_FILE_OFFSET_BITS=64 -D_LARGEFILE_SOURCE -Wstrict-prototypes -Wredundant-decls -Wall -Wundef -Wwrite-strings -Wmissing-prototypes -fno-strict-aliasing -I/usr/include/libxml2 -Wendif-labels -Wmissing-include-dirs -Wempty-body -Wnested-externs -Wformat-security -Wformat-y2k -Winit-self -Wignored-qualifiers -Wold-style-declaration -Wold-style-definition -Wtype-limits -fstack-protector-all -I/usr/include/p11-kit-1 -I/usr/include/libpng12 -o /tmp/qemu-conf--2473-.exe /tmp/qemu-conf--2473-.c -Wl,-z,relro -Wl,-z,now -pie -m32 -g -lxml2
cc -fPIE -DPIE -m32 -D_GNU_SOURCE -D_FILE_OFFSET_BITS=64 -D_LARGEFILE_SOURCE -Wstrict-prototypes -Wredundant-decls -Wall -Wundef -Wwrite-strings -Wmissing-prototypes -fno-strict-aliasing -I/usr/include/libxml2 -Wendif-labels -Wmissing-include-dirs -Wempty-body -Wnested-externs -Wformat-security -Wformat-y2k -Winit-self -Wignored-qualifiers -Wold-style-declaration -Wold-style-definition -Wtype-limits -fstack-protector-all -I/usr/include/p11-kit-1 -I/usr/include/libpng12 -o /tmp/qemu-conf--2473-.exe /tmp/qemu-conf--2473-.c -Wl,-z,relro -Wl,-z,now -pie -m32 -g -lxml2
cc -Werror -fPIE -DPIE -m32 -D_GNU_SOURCE -D_FILE_OFFSET_BITS=64 -D_LARGEFILE_SOURCE -Wstrict-prototypes -Wredundant-decls -Wall -Wundef -Wwrite-strings -Wmissing-prototypes -fno-strict-aliasing -I/usr/include/libxml2 -Wendif-labels -Wmissing-include-dirs -Wempty-body -Wnested-externs -Wformat-security -Wformat-y2k -Winit-self -Wignored-qualifiers -Wold-style-declaration -Wold-style-definition -Wtype-limits -fstack-protector-all -I/usr/include/p11-kit-1 -I/usr/include/libpng12 -o /tmp/qemu-conf--2473-.exe /tmp/qemu-conf--2473-.c -Wl,-z,relro -Wl,-z,now -pie -m32 -g -lxml2
cc -fPIE -DPIE -m32 -D_GNU_SOURCE -D_FILE_OFFSET_BITS=64 -D_LARGEFILE_SOURCE -Wstrict-prototypes -Wredundant-decls -Wall -Wundef -Wwrite-strings -Wmissing-prototypes -fno-strict-aliasing -I/usr/include/libxml2 -Wendif-labels -Wmissing-include-dirs -Wempty-body -Wnested-externs -Wformat-security -Wformat-y2k -Winit-self -Wignored-qualifiers -Wold-style-declaration -Wold-style-definition -Wtype-limits -fstack-protector-all -I/usr/include/p11-kit-1 -I/usr/include/libpng12 -o /tmp/qemu-conf--2473-.exe /tmp/qemu-conf--2473-.c -Wl,-z,relro -Wl,-z,now -pie -m32 -g -lxml2 -lfdt
cc -Werror -fPIE -DPIE -m32 -D_GNU_SOURCE -D_FILE_OFFSET_BITS=64 -D_LARGEFILE_SOURCE -Wstrict-prototypes -Wredundant-decls -Wall -Wundef -Wwrite-strings -Wmissing-prototypes -fno-strict-aliasing -I/usr/include/libxml2 -Wendif-labels -Wmissing-include-dirs -Wempty-body -Wnested-externs -Wformat-security -Wformat-y2k -Winit-self -Wignored-qualifiers -Wold-style-declaration -Wold-style-definition -Wtype-limits -fstack-protector-all -I/usr/include/p11-kit-1 -I/usr/include/libpng12 -o /tmp/qemu-conf--2473-.exe /tmp/qemu-conf--2473-.c -Wl,-z,relro -Wl,-z,now -pie -m32 -g -lxml2 -lfdt
cc -fPIE -DPIE -m32 -D_GNU_SOURCE -D_FILE_OFFSET_BITS=64 -D_LARGEFILE_SOURCE -Wstrict-prototypes -Wredundant-decls -Wall -Wundef -Wwrite-strings -Wmissing-prototypes -fno-strict-aliasing -I/usr/include/libxml2 -Wendif-labels -Wmissing-include-dirs -Wempty-body -Wnested-externs -Wformat-security -Wformat-y2k -Winit-self -Wignored-qualifiers -Wold-style-declaration -Wold-style-definition -Wtype-limits -fstack-protector-all -I/usr/include/p11-kit-1 -I/usr/include/libpng12 -o /tmp/qemu-conf--2473-.exe /tmp/qemu-conf--2473-.c -Wl,-z,relro -Wl,-z,now -pie -m32 -g -lxml2 -lGL -lX11
cc -Werror -fPIE -DPIE -m32 -D_GNU_SOURCE -D_FILE_OFFSET_BITS=64 -D_LARGEFILE_SOURCE -Wstrict-prototypes -Wredundant-decls -Wall -Wundef -Wwrite-strings -Wmissing-prototypes -fno-strict-aliasing -I/usr/include/libxml2 -Wendif-labels -Wmissing-include-dirs -Wempty-body -Wnested-externs -Wformat-security -Wformat-y2k -Winit-self -Wignored-qualifiers -Wold-style-declaration -Wold-style-definition -Wtype-limits -fstack-protector-all -I/usr/include/p11-kit-1 -I/usr/include/libpng12 -o /tmp/qemu-conf--2473-.exe /tmp/qemu-conf--2473-.c -Wl,-z,relro -Wl,-z,now -pie -m32 -g -lxml2 -lGL -lX11
cc -fPIE -DPIE -m32 -D_GNU_SOURCE -D_FILE_OFFSET_BITS=64 -D_LARGEFILE_SOURCE -Wstrict-prototypes -Wredundant-decls -Wall -Wundef -Wwrite-strings -Wmissing-prototypes -fno-strict-aliasing -I/usr/include/libxml2 -Wendif-labels -Wmissing-include-dirs -Wempty-body -Wnested-externs -Wformat-security -Wformat-y2k -Winit-self -Wignored-qualifiers -Wold-style-declaration -Wold-style-definition -Wtype-limits -fstack-protector-all -I/usr/include/p11-kit-1 -I/usr/include/libpng12 -o /tmp/qemu-conf--2473-.exe /tmp/qemu-conf--2473-.c -Wl,-z,relro -Wl,-z,now -pie -m32 -g -lxml2
cc -Werror -fPIE -DPIE -m32 -D_GNU_SOURCE -D_FILE_OFFSET_BITS=64 -D_LARGEFILE_SOURCE -Wstrict-prototypes -Wredundant-decls -Wall -Wundef -Wwrite-strings -Wmissing-prototypes -fno-strict-aliasing -I/usr/include/libxml2 -Wendif-labels -Wmissing-include-dirs -Wempty-body -Wnested-externs -Wformat-security -Wformat-y2k -Winit-self -Wignored-qualifiers -Wold-style-declaration -Wold-style-definition -Wtype-limits -fstack-protector-all -I/usr/include/p11-kit-1 -I/usr/include/libpng12 -o /tmp/qemu-conf--2473-.exe /tmp/qemu-conf--2473-.c -Wl,-z,relro -Wl,-z,now -pie -m32 -g -lxml2
cc -fPIE -DPIE -m32 -D_GNU_SOURCE -D_FILE_OFFSET_BITS=64 -D_LARGEFILE_SOURCE -Wstrict-prototypes -Wredundant-decls -Wall -Wundef -Wwrite-strings -Wmissing-prototypes -fno-strict-aliasing -I/usr/include/libxml2 -Wendif-labels -Wmissing-include-dirs -Wempty-body -Wnested-externs -Wformat-security -Wformat-y2k -Winit-self -Wignored-qualifiers -Wold-style-declaration -Wold-style-definition -Wtype-limits -fstack-protector-all -I/usr/include/p11-kit-1 -I/usr/include/libpng12 -o /tmp/qemu-conf--2473-.exe /tmp/qemu-conf--2473-.c -Wl,-z,relro -Wl,-z,now -pie -m32 -g -lxml2
cc -Werror -fPIE -DPIE -m32 -D_GNU_SOURCE -D_FILE_OFFSET_BITS=64 -D_LARGEFILE_SOURCE -Wstrict-prototypes -Wredundant-decls -Wall -Wundef -Wwrite-strings -Wmissing-prototypes -fno-strict-aliasing -I/usr/include/libxml2 -Wendif-labels -Wmissing-include-dirs -Wempty-body -Wnested-externs -Wformat-security -Wformat-y2k -Winit-self -Wignored-qualifiers -Wold-style-declaration -Wold-style-definition -Wtype-limits -fstack-protector-all -I/usr/include/p11-kit-1 -I/usr/include/libpng12 -o /tmp/qemu-conf--2473-.exe /tmp/qemu-conf--2473-.c -Wl,-z,relro -Wl,-z,now -pie -m32 -g -lxml2
cc -fPIE -DPIE -m32 -D_GNU_SOURCE -D_FILE_OFFSET_BITS=64 -D_LARGEFILE_SOURCE -Wstrict-prototypes -Wredundant-decls -Wall -Wundef -Wwrite-strings -Wmissing-prototypes -fno-strict-aliasing -I/usr/include/libxml2 -Wendif-labels -Wmissing-include-dirs -Wempty-body -Wnested-externs -Wformat-security -Wformat-y2k -Winit-self -Wignored-qualifiers -Wold-style-declaration -Wold-style-definition -Wtype-limits -fstack-protector-all -I/usr/include/p11-kit-1 -I/usr/include/libpng12 -o /tmp/qemu-conf--2473-.exe /tmp/qemu-conf--2473-.c -Wl,-z,relro -Wl,-z,now -pie -m32 -g -lxml2
cc -Werror -fPIE -DPIE -m32 -D_GNU_SOURCE -D_FILE_OFFSET_BITS=64 -D_LARGEFILE_SOURCE -Wstrict-prototypes -Wredundant-decls -Wall -Wundef -Wwrite-strings -Wmissing-prototypes -fno-strict-aliasing -I/usr/include/libxml2 -Wendif-labels -Wmissing-include-dirs -Wempty-body -Wnested-externs -Wformat-security -Wformat-y2k -Winit-self -Wignored-qualifiers -Wold-style-declaration -Wold-style-definition -Wtype-limits -fstack-protector-all -I/usr/include/p11-kit-1 -I/usr/include/libpng12 -o /tmp/qemu-conf--2473-.exe /tmp/qemu-conf--2473-.c -Wl,-z,relro -Wl,-z,now -pie -m32 -g -lxml2
cc -fPIE -DPIE -m32 -D_GNU_SOURCE -D_FILE_OFFSET_BITS=64 -D_LARGEFILE_SOURCE -Wstrict-prototypes -Wredundant-decls -Wall -Wundef -Wwrite-strings -Wmissing-prototypes -fno-strict-aliasing -I/usr/include/libxml2 -Wendif-labels -Wmissing-include-dirs -Wempty-body -Wnested-externs -Wformat-security -Wformat-y2k -Winit-self -Wignored-qualifiers -Wold-style-declaration -Wold-style-definition -Wtype-limits -fstack-protector-all -I/usr/include/p11-kit-1 -I/usr/include/libpng12 -o /tmp/qemu-conf--2473-.exe /tmp/qemu-conf--2473-.c -Wl,-z,relro -Wl,-z,now -pie -m32 -g -lxml2
cc -Werror -fPIE -DPIE -m32 -D_GNU_SOURCE -D_FILE_OFFSET_BITS=64 -D_LARGEFILE_SOURCE -Wstrict-prototypes -Wredundant-decls -Wall -Wundef -Wwrite-strings -Wmissing-prototypes -fno-strict-aliasing -I/usr/include/libxml2 -Wendif-labels -Wmissing-include-dirs -Wempty-body -Wnested-externs -Wformat-security -Wformat-y2k -Winit-self -Wignored-qualifiers -Wold-style-declaration -Wold-style-definition -Wtype-limits -fstack-protector-all -I/usr/include/p11-kit-1 -I/usr/include/libpng12 -o /tmp/qemu-conf--2473-.exe /tmp/qemu-conf--2473-.c -Wl,-z,relro -Wl,-z,now -pie -m32 -g -lxml2
cc -fPIE -DPIE -m32 -D_GNU_SOURCE -D_FILE_OFFSET_BITS=64 -D_LARGEFILE_SOURCE -Wstrict-prototypes -Wredundant-decls -Wall -Wundef -Wwrite-strings -Wmissing-prototypes -fno-strict-aliasing -I/usr/include/libxml2 -Wendif-labels -Wmissing-include-dirs -Wempty-body -Wnested-externs -Wformat-security -Wformat-y2k -Winit-self -Wignored-qualifiers -Wold-style-declaration -Wold-style-definition -Wtype-limits -fstack-protector-all -I/usr/include/p11-kit-1 -I/usr/include/libpng12 -o /tmp/qemu-conf--2473-.exe /tmp/qemu-conf--2473-.c -Wl,-z,relro -Wl,-z,now -pie -m32 -g -lxml2
cc -Werror -fPIE -DPIE -m32 -D_GNU_SOURCE -D_FILE_OFFSET_BITS=64 -D_LARGEFILE_SOURCE -Wstrict-prototypes -Wredundant-decls -Wall -Wundef -Wwrite-strings -Wmissing-prototypes -fno-strict-aliasing -I/usr/include/libxml2 -Wendif-labels -Wmissing-include-dirs -Wempty-body -Wnested-externs -Wformat-security -Wformat-y2k -Winit-self -Wignored-qualifiers -Wold-style-declaration -Wold-style-definition -Wtype-limits -fstack-protector-all -I/usr/include/p11-kit-1 -I/usr/include/libpng12 -o /tmp/qemu-conf--2473-.exe /tmp/qemu-conf--2473-.c -Wl,-z,relro -Wl,-z,now -pie -m32 -g -lxml2
cc -fPIE -DPIE -m32 -D_GNU_SOURCE -D_FILE_OFFSET_BITS=64 -D_LARGEFILE_SOURCE -Wstrict-prototypes -Wredundant-decls -Wall -Wundef -Wwrite-strings -Wmissing-prototypes -fno-strict-aliasing -I/usr/include/libxml2 -Wendif-labels -Wmissing-include-dirs -Wempty-body -Wnested-externs -Wformat-security -Wformat-y2k -Winit-self -Wignored-qualifiers -Wold-style-declaration -Wold-style-definition -Wtype-limits -fstack-protector-all -I/usr/include/p11-kit-1 -I/usr/include/libpng12 -o /tmp/qemu-conf--2473-.exe /tmp/qemu-conf--2473-.c -Wl,-z,relro -Wl,-z,now -pie -m32 -g -lxml2
cc -Werror -fPIE -DPIE -m32 -D_GNU_SOURCE -D_FILE_OFFSET_BITS=64 -D_LARGEFILE_SOURCE -Wstrict-prototypes -Wredundant-decls -Wall -Wundef -Wwrite-strings -Wmissing-prototypes -fno-strict-aliasing -I/usr/include/libxml2 -Wendif-labels -Wmissing-include-dirs -Wempty-body -Wnested-externs -Wformat-security -Wformat-y2k -Winit-self -Wignored-qualifiers -Wold-style-declaration -Wold-style-definition -Wtype-limits -fstack-protector-all -I/usr/include/p11-kit-1 -I/usr/include/libpng12 -o /tmp/qemu-conf--2473-.exe /tmp/qemu-conf--2473-.c -Wl,-z,relro -Wl,-z,now -pie -m32 -g -lxml2
cc -fPIE -DPIE -m32 -D_GNU_SOURCE -D_FILE_OFFSET_BITS=64 -D_LARGEFILE_SOURCE -Wstrict-prototypes -Wredundant-decls -Wall -Wundef -Wwrite-strings -Wmissing-prototypes -fno-strict-aliasing -I/usr/include/libxml2 -Wendif-labels -Wmissing-include-dirs -Wempty-body -Wnested-externs -Wformat-security -Wformat-y2k -Winit-self -Wignored-qualifiers -Wold-style-declaration -Wold-style-definition -Wtype-limits -fstack-protector-all -I/usr/include/p11-kit-1 -I/usr/include/libpng12 -o /tmp/qemu-conf--2473-.exe /tmp/qemu-conf--2473-.c -Wl,-z,relro -Wl,-z,now -pie -m32 -g -lxml2
cc -Werror -fPIE -DPIE -m32 -D_GNU_SOURCE -D_FILE_OFFSET_BITS=64 -D_LARGEFILE_SOURCE -Wstrict-prototypes -Wredundant-decls -Wall -Wundef -Wwrite-strings -Wmissing-prototypes -fno-strict-aliasing -I/usr/include/libxml2 -Wendif-labels -Wmissing-include-dirs -Wempty-body -Wnested-externs -Wformat-security -Wformat-y2k -Winit-self -Wignored-qualifiers -Wold-style-declaration -Wold-style-definition -Wtype-limits -fstack-protector-all -I/usr/include/p11-kit-1 -I/usr/include/libpng12 -o /tmp/qemu-conf--2473-.exe /tmp/qemu-conf--2473-.c -Wl,-z,relro -Wl,-z,now -pie -m32 -g -lxml2
cc -fPIE -DPIE -m32 -D_GNU_SOURCE -D_FILE_OFFSET_BITS=64 -D_LARGEFILE_SOURCE -Wstrict-prototypes -Wredundant-decls -Wall -Wundef -Wwrite-strings -Wmissing-prototypes -fno-strict-aliasing -I/usr/include/libxml2 -Wendif-labels -Wmissing-include-dirs -Wempty-body -Wnested-externs -Wformat-security -Wformat-y2k -Winit-self -Wignored-qualifiers -Wold-style-declaration -Wold-style-definition -Wtype-limits -fstack-protector-all -I/usr/include/p11-kit-1 -I/usr/include/libpng12 -o /tmp/qemu-conf--2473-.exe /tmp/qemu-conf--2473-.c -Wl,-z,relro -Wl,-z,now -pie -m32 -g -lxml2
cc -Werror -fPIE -DPIE -m32 -D_GNU_SOURCE -D_FILE_OFFSET_BITS=64 -D_LARGEFILE_SOURCE -Wstrict-prototypes -Wredundant-decls -Wall -Wundef -Wwrite-strings -Wmissing-prototypes -fno-strict-aliasing -I/usr/include/libxml2 -Wendif-labels -Wmissing-include-dirs -Wempty-body -Wnested-externs -Wformat-security -Wformat-y2k -Winit-self -Wignored-qualifiers -Wold-style-declaration -Wold-style-definition -Wtype-limits -fstack-protector-all -I/usr/include/p11-kit-1 -I/usr/include/libpng12 -o /tmp/qemu-conf--2473-.exe /tmp/qemu-conf--2473-.c -Wl,-z,relro -Wl,-z,now -pie -m32 -g -lxml2
cc -fPIE -DPIE -m32 -D_GNU_SOURCE -D_FILE_OFFSET_BITS=64 -D_LARGEFILE_SOURCE -Wstrict-prototypes -Wredundant-decls -Wall -Wundef -Wwrite-strings -Wmissing-prototypes -fno-strict-aliasing -I/usr/include/libxml2 -Wendif-labels -Wmissing-include-dirs -Wempty-body -Wnested-externs -Wformat-security -Wformat-y2k -Winit-self -Wignored-qualifiers -Wold-style-declaration -Wold-style-definition -Wtype-limits -fstack-protector-all -I/usr/include/p11-kit-1 -I/usr/include/libpng12 -o /tmp/qemu-conf--2473-.exe /tmp/qemu-conf--2473-.c -Wl,-z,relro -Wl,-z,now -pie -m32 -g -lxml2
cc -Werror -fPIE -DPIE -m32 -D_GNU_SOURCE -D_FILE_OFFSET_BITS=64 -D_LARGEFILE_SOURCE -Wstrict-prototypes -Wredundant-decls -Wall -Wundef -Wwrite-strings -Wmissing-prototypes -fno-strict-aliasing -I/usr/include/libxml2 -Wendif-labels -Wmissing-include-dirs -Wempty-body -Wnested-externs -Wformat-security -Wformat-y2k -Winit-self -Wignored-qualifiers -Wold-style-declaration -Wold-style-definition -Wtype-limits -fstack-protector-all -I/usr/include/p11-kit-1 -I/usr/include/libpng12 -o /tmp/qemu-conf--2473-.exe /tmp/qemu-conf--2473-.c -Wl,-z,relro -Wl,-z,now -pie -m32 -g -lxml2
cc -fPIE -DPIE -m32 -D_GNU_SOURCE -D_FILE_OFFSET_BITS=64 -D_LARGEFILE_SOURCE -Wstrict-prototypes -Wredundant-decls -Wall -Wundef -Wwrite-strings -Wmissing-prototypes -fno-strict-aliasing -I/usr/include/libxml2 -Wendif-labels -Wmissing-include-dirs -Wempty-body -Wnested-externs -Wformat-security -Wformat-y2k -Winit-self -Wignored-qualifiers -Wold-style-declaration -Wold-style-definition -Wtype-limits -fstack-protector-all -I/usr/include/p11-kit-1 -I/usr/include/libpng12 -o /tmp/qemu-conf--2473-.exe /tmp/qemu-conf--2473-.c -Wl,-z,relro -Wl,-z,now -pie -m32 -g -lxml2
cc -Werror -fPIE -DPIE -m32 -D_GNU_SOURCE -D_FILE_OFFSET_BITS=64 -D_LARGEFILE_SOURCE -Wstrict-prototypes -Wredundant-decls -Wall -Wundef -Wwrite-strings -Wmissing-prototypes -fno-strict-aliasing -I/usr/include/libxml2 -Wendif-labels -Wmissing-include-dirs -Wempty-body -Wnested-externs -Wformat-security -Wformat-y2k -Winit-self -Wignored-qualifiers -Wold-style-declaration -Wold-style-definition -Wtype-limits -fstack-protector-all -I/usr/include/p11-kit-1 -I/usr/include/libpng12 -o /tmp/qemu-conf--2473-.exe /tmp/qemu-conf--2473-.c -Wl,-z,relro -Wl,-z,now -pie -m32 -g -lxml2
cc -fPIE -DPIE -m32 -D_GNU_SOURCE -D_FILE_OFFSET_BITS=64 -D_LARGEFILE_SOURCE -Wstrict-prototypes -Wredundant-decls -Wall -Wundef -Wwrite-strings -Wmissing-prototypes -fno-strict-aliasing -I/usr/include/libxml2 -Wendif-labels -Wmissing-include-dirs -Wempty-body -Wnested-externs -Wformat-security -Wformat-y2k -Winit-self -Wignored-qualifiers -Wold-style-declaration -Wold-style-definition -Wtype-limits -fstack-protector-all -I/usr/include/p11-kit-1 -I/usr/include/libpng12 -o /tmp/qemu-conf--2473-.exe /tmp/qemu-conf--2473-.c -Wl,-z,relro -Wl,-z,now -pie -m32 -g -lxml2
cc -Werror -fPIE -DPIE -m32 -D_GNU_SOURCE -D_FILE_OFFSET_BITS=64 -D_LARGEFILE_SOURCE -Wstrict-prototypes -Wredundant-decls -Wall -Wundef -Wwrite-strings -Wmissing-prototypes -fno-strict-aliasing -I/usr/include/libxml2 -Wendif-labels -Wmissing-include-dirs -Wempty-body -Wnested-externs -Wformat-security -Wformat-y2k -Winit-self -Wignored-qualifiers -Wold-style-declaration -Wold-style-definition -Wtype-limits -fstack-protector-all -I/usr/include/p11-kit-1 -I/usr/include/libpng12 -o /tmp/qemu-conf--2473-.exe /tmp/qemu-conf--2473-.c -Wl,-z,relro -Wl,-z,now -pie -m32 -g -lxml2
cc -fPIE -DPIE -m32 -D_GNU_SOURCE -D_FILE_OFFSET_BITS=64 -D_LARGEFILE_SOURCE -Wstrict-prototypes -Wredundant-decls -Wall -Wundef -Wwrite-strings -Wmissing-prototypes -fno-strict-aliasing -I/usr/include/libxml2 -Wendif-labels -Wmissing-include-dirs -Wempty-body -Wnested-externs -Wformat-security -Wformat-y2k -Winit-self -Wignored-qualifiers -Wold-style-declaration -Wold-style-definition -Wtype-limits -fstack-protector-all -I/usr/include/p11-kit-1 -I/usr/include/libpng12 -o /tmp/qemu-conf--2473-.exe /tmp/qemu-conf--2473-.c -Wl,-z,relro -Wl,-z,now -pie -m32 -g -lxml2
cc -Werror -fPIE -DPIE -m32 -D_GNU_SOURCE -D_FILE_OFFSET_BITS=64 -D_LARGEFILE_SOURCE -Wstrict-prototypes -Wredundant-decls -Wall -Wundef -Wwrite-strings -Wmissing-prototypes -fno-strict-aliasing -I/usr/include/libxml2 -Wendif-labels -Wmissing-include-dirs -Wempty-body -Wnested-externs -Wformat-security -Wformat-y2k -Winit-self -Wignored-qualifiers -Wold-style-declaration -Wold-style-definition -Wtype-limits -fstack-protector-all -I/usr/include/p11-kit-1 -I/usr/include/libpng12 -o /tmp/qemu-conf--2473-.exe /tmp/qemu-conf--2473-.c -Wl,-z,relro -Wl,-z,now -pie -m32 -g -lxml2
cc -fPIE -DPIE -m32 -D_GNU_SOURCE -D_FILE_OFFSET_BITS=64 -D_LARGEFILE_SOURCE -Wstrict-prototypes -Wredundant-decls -Wall -Wundef -Wwrite-strings -Wmissing-prototypes -fno-strict-aliasing -I/usr/include/libxml2 -Wendif-labels -Wmissing-include-dirs -Wempty-body -Wnested-externs -Wformat-security -Wformat-y2k -Winit-self -Wignored-qualifiers -Wold-style-declaration -Wold-style-definition -Wtype-limits -fstack-protector-all -I/usr/include/p11-kit-1 -I/usr/include/libpng12 -o /tmp/qemu-conf--2473-.exe /tmp/qemu-conf--2473-.c -Wl,-z,relro -Wl,-z,now -pie -m32 -g -lxml2
cc -Werror -fPIE -DPIE -m32 -D_GNU_SOURCE -D_FILE_OFFSET_BITS=64 -D_LARGEFILE_SOURCE -Wstrict-prototypes -Wredundant-decls -Wall -Wundef -Wwrite-strings -Wmissing-prototypes -fno-strict-aliasing -I/usr/include/libxml2 -Wendif-labels -Wmissing-include-dirs -Wempty-body -Wnested-externs -Wformat-security -Wformat-y2k -Winit-self -Wignored-qualifiers -Wold-style-declaration -Wold-style-definition -Wtype-limits -fstack-protector-all -I/usr/include/p11-kit-1 -I/usr/include/libpng12 -o /tmp/qemu-conf--2473-.exe /tmp/qemu-conf--2473-.c -Wl,-z,relro -Wl,-z,now -pie -m32 -g -lxml2
cc -fPIE -DPIE -m32 -D_GNU_SOURCE -D_FILE_OFFSET_BITS=64 -D_LARGEFILE_SOURCE -Wstrict-prototypes -Wredundant-decls -Wall -Wundef -Wwrite-strings -Wmissing-prototypes -fno-strict-aliasing -I/usr/include/libxml2 -Wendif-labels -Wmissing-include-dirs -Wempty-body -Wnested-externs -Wformat-security -Wformat-y2k -Winit-self -Wignored-qualifiers -Wold-style-declaration -Wold-style-definition -Wtype-limits -fstack-protector-all -I/usr/include/p11-kit-1 -I/usr/include/libpng12 -o /tmp/qemu-conf--2473-.exe /tmp/qemu-conf--2473-.c -Wl,-z,relro -Wl,-z,now -pie -m32 -g -lxml2
cc -Werror -fPIE -DPIE -m32 -D_GNU_SOURCE -D_FILE_OFFSET_BITS=64 -D_LARGEFILE_SOURCE -Wstrict-prototypes -Wredundant-decls -Wall -Wundef -Wwrite-strings -Wmissing-prototypes -fno-strict-aliasing -I/usr/include/libxml2 -Wendif-labels -Wmissing-include-dirs -Wempty-body -Wnested-externs -Wformat-security -Wformat-y2k -Winit-self -Wignored-qualifiers -Wold-style-declaration -Wold-style-definition -Wtype-limits -fstack-protector-all -I/usr/include/p11-kit-1 -I/usr/include/libpng12 -o /tmp/qemu-conf--2473-.exe /tmp/qemu-conf--2473-.c -Wl,-z,relro -Wl,-z,now -pie -m32 -g -lxml2
cc -fPIE -DPIE -m32 -D_GNU_SOURCE -D_FILE_OFFSET_BITS=64 -D_LARGEFILE_SOURCE -Wstrict-prototypes -Wredundant-decls -Wall -Wundef -Wwrite-strings -Wmissing-prototypes -fno-strict-aliasing -I/usr/include/libxml2 -Wendif-labels -Wmissing-include-dirs -Wempty-body -Wnested-externs -Wformat-security -Wformat-y2k -Winit-self -Wignored-qualifiers -Wold-style-declaration -Wold-style-definition -Wtype-limits -fstack-protector-all -I/usr/include/p11-kit-1 -I/usr/include/libpng12 -o /tmp/qemu-conf--2473-.exe /tmp/qemu-conf--2473-.c -Wl,-z,relro -Wl,-z,now -pie -m32 -g -lxml2
cc -Werror -fPIE -DPIE -m32 -D_GNU_SOURCE -D_FILE_OFFSET_BITS=64 -D_LARGEFILE_SOURCE -Wstrict-prototypes -Wredundant-decls -Wall -Wundef -Wwrite-strings -Wmissing-prototypes -fno-strict-aliasing -I/usr/include/libxml2 -Wendif-labels -Wmissing-include-dirs -Wempty-body -Wnested-externs -Wformat-security -Wformat-y2k -Winit-self -Wignored-qualifiers -Wold-style-declaration -Wold-style-definition -Wtype-limits -fstack-protector-all -I/usr/include/p11-kit-1 -I/usr/include/libpng12 -o /tmp/qemu-conf--2473-.exe /tmp/qemu-conf--2473-.c -Wl,-z,relro -Wl,-z,now -pie -m32 -g -lxml2
cc -fPIE -DPIE -m32 -D_GNU_SOURCE -D_FILE_OFFSET_BITS=64 -D_LARGEFILE_SOURCE -Wstrict-prototypes -Wredundant-decls -Wall -Wundef -Wwrite-strings -Wmissing-prototypes -fno-strict-aliasing -I/usr/include/libxml2 -Wendif-labels -Wmissing-include-dirs -Wempty-body -Wnested-externs -Wformat-security -Wformat-y2k -Winit-self -Wignored-qualifiers -Wold-style-declaration -Wold-style-definition -Wtype-limits -fstack-protector-all -I/usr/include/p11-kit-1 -I/usr/include/libpng12 -o /tmp/qemu-conf--2473-.exe /tmp/qemu-conf--2473-.c -Wl,-z,relro -Wl,-z,now -pie -m32 -g -lxml2
cc -Werror -fPIE -DPIE -m32 -D_GNU_SOURCE -D_FILE_OFFSET_BITS=64 -D_LARGEFILE_SOURCE -Wstrict-prototypes -Wredundant-decls -Wall -Wundef -Wwrite-strings -Wmissing-prototypes -fno-strict-aliasing -I/usr/include/libxml2 -Wendif-labels -Wmissing-include-dirs -Wempty-body -Wnested-externs -Wformat-security -Wformat-y2k -Winit-self -Wignored-qualifiers -Wold-style-declaration -Wold-style-definition -Wtype-limits -fstack-protector-all -I/usr/include/p11-kit-1 -I/usr/include/libpng12 -o /tmp/qemu-conf--2473-.exe /tmp/qemu-conf--2473-.c -Wl,-z,relro -Wl,-z,now -pie -m32 -g -lxml2
cc -fPIE -DPIE -m32 -D_GNU_SOURCE -D_FILE_OFFSET_BITS=64 -D_LARGEFILE_SOURCE -Wstrict-prototypes -Wredundant-decls -Wall -Wundef -Wwrite-strings -Wmissing-prototypes -fno-strict-aliasing -I/usr/include/libxml2 -Wendif-labels -Wmissing-include-dirs -Wempty-body -Wnested-externs -Wformat-security -Wformat-y2k -Winit-self -Wignored-qualifiers -Wold-style-declaration -Wold-style-definition -Wtype-limits -fstack-protector-all -I/usr/include/p11-kit-1 -I/usr/include/libpng12 -o /tmp/qemu-conf--2473-.exe /tmp/qemu-conf--2473-.c -Wl,-z,relro -Wl,-z,now -pie -m32 -g -lxml2
cc -Werror -fPIE -DPIE -m32 -D_GNU_SOURCE -D_FILE_OFFSET_BITS=64 -D_LARGEFILE_SOURCE -Wstrict-prototypes -Wredundant-decls -Wall -Wundef -Wwrite-strings -Wmissing-prototypes -fno-strict-aliasing -I/usr/include/libxml2 -Wendif-labels -Wmissing-include-dirs -Wempty-body -Wnested-externs -Wformat-security -Wformat-y2k -Winit-self -Wignored-qualifiers -Wold-style-declaration -Wold-style-definition -Wtype-limits -fstack-protector-all -I/usr/include/p11-kit-1 -I/usr/include/libpng12 -o /tmp/qemu-conf--2473-.exe /tmp/qemu-conf--2473-.c -Wl,-z,relro -Wl,-z,now -pie -m32 -g -lxml2
cc -fPIE -DPIE -m32 -D_GNU_SOURCE -D_FILE_OFFSET_BITS=64 -D_LARGEFILE_SOURCE -Wstrict-prototypes -Wredundant-decls -Wall -Wundef -Wwrite-strings -Wmissing-prototypes -fno-strict-aliasing -I/usr/include/libxml2 -Wendif-labels -Wmissing-include-dirs -Wempty-body -Wnested-externs -Wformat-security -Wformat-y2k -Winit-self -Wignored-qualifiers -Wold-style-declaration -Wold-style-definition -Wtype-limits -fstack-protector-all -I/usr/include/p11-kit-1 -I/usr/include/libpng12 -o /tmp/qemu-conf--2473-.exe /tmp/qemu-conf--2473-.c -Wl,-z,relro -Wl,-z,now -pie -m32 -g -lxml2
cc -Werror -fPIE -DPIE -m32 -D_GNU_SOURCE -D_FILE_OFFSET_BITS=64 -D_LARGEFILE_SOURCE -Wstrict-prototypes -Wredundant-decls -Wall -Wundef -Wwrite-strings -Wmissing-prototypes -fno-strict-aliasing -I/usr/include/libxml2 -Wendif-labels -Wmissing-include-dirs -Wempty-body -Wnested-externs -Wformat-security -Wformat-y2k -Winit-self -Wignored-qualifiers -Wold-style-declaration -Wold-style-definition -Wtype-limits -fstack-protector-all -I/usr/include/p11-kit-1 -I/usr/include/libpng12 -o /tmp/qemu-conf--2473-.exe /tmp/qemu-conf--2473-.c -Wl,-z,relro -Wl,-z,now -pie -m32 -g -lxml2
cc -fPIE -DPIE -m32 -D_GNU_SOURCE -D_FILE_OFFSET_BITS=64 -D_LARGEFILE_SOURCE -Wstrict-prototypes -Wredundant-decls -Wall -Wundef -Wwrite-strings -Wmissing-prototypes -fno-strict-aliasing -I/usr/include/libxml2 -Wendif-labels -Wmissing-include-dirs -Wempty-body -Wnested-externs -Wformat-security -Wformat-y2k -Winit-self -Wignored-qualifiers -Wold-style-declaration -Wold-style-definition -Wtype-limits -fstack-protector-all -I/usr/include/p11-kit-1 -I/usr/include/libpng12 -o /tmp/qemu-conf--2473-.exe /tmp/qemu-conf--2473-.c -Wl,-z,relro -Wl,-z,now -pie -m32 -g -lxml2
cc -Werror -fPIE -DPIE -m32 -D_GNU_SOURCE -D_FILE_OFFSET_BITS=64 -D_LARGEFILE_SOURCE -Wstrict-prototypes -Wredundant-decls -Wall -Wundef -Wwrite-strings -Wmissing-prototypes -fno-strict-aliasing -I/usr/include/libxml2 -Wendif-labels -Wmissing-include-dirs -Wempty-body -Wnested-externs -Wformat-security -Wformat-y2k -Winit-self -Wignored-qualifiers -Wold-style-declaration -Wold-style-definition -Wtype-limits -fstack-protector-all -I/usr/include/p11-kit-1 -I/usr/include/libpng12 -o /tmp/qemu-conf--2473-.exe /tmp/qemu-conf--2473-.c -Wl,-z,relro -Wl,-z,now -pie -m32 -g -lxml2
cc -fPIE -DPIE -m32 -D_GNU_SOURCE -D_FILE_OFFSET_BITS=64 -D_LARGEFILE_SOURCE -Wstrict-prototypes -Wredundant-decls -Wall -Wundef -Wwrite-strings -Wmissing-prototypes -fno-strict-aliasing -I/usr/include/libxml2 -Wendif-labels -Wmissing-include-dirs -Wempty-body -Wnested-externs -Wformat-security -Wformat-y2k -Winit-self -Wignored-qualifiers -Wold-style-declaration -Wold-style-definition -Wtype-limits -fstack-protector-all -I/usr/include/p11-kit-1 -I/usr/include/libpng12 -o /tmp/qemu-conf--2473-.exe /tmp/qemu-conf--2473-.c -Wl,-z,relro -Wl,-z,now -pie -m32 -g -lxml2
cc -Werror -fPIE -DPIE -m32 -D_GNU_SOURCE -D_FILE_OFFSET_BITS=64 -D_LARGEFILE_SOURCE -Wstrict-prototypes -Wredundant-decls -Wall -Wundef -Wwrite-strings -Wmissing-prototypes -fno-strict-aliasing -I/usr/include/libxml2 -Wendif-labels -Wmissing-include-dirs -Wempty-body -Wnested-externs -Wformat-security -Wformat-y2k -Winit-self -Wignored-qualifiers -Wold-style-declaration -Wold-style-definition -Wtype-limits -fstack-protector-all -I/usr/include/p11-kit-1 -I/usr/include/libpng12 -o /tmp/qemu-conf--2473-.exe /tmp/qemu-conf--2473-.c -Wl,-z,relro -Wl,-z,now -pie -m32 -g -lxml2
cc -fPIE -DPIE -m32 -D_GNU_SOURCE -D_FILE_OFFSET_BITS=64 -D_LARGEFILE_SOURCE -Wstrict-prototypes -Wredundant-decls -Wall -Wundef -Wwrite-strings -Wmissing-prototypes -fno-strict-aliasing -I/usr/include/libxml2 -Wendif-labels -Wmissing-include-dirs -Wempty-body -Wnested-externs -Wformat-security -Wformat-y2k -Winit-self -Wignored-qualifiers -Wold-style-declaration -Wold-style-definition -Wtype-limits -fstack-protector-all -I/usr/include/p11-kit-1 -I/usr/include/libpng12 -o /tmp/qemu-conf--2473-.exe /tmp/qemu-conf--2473-.c -Wl,-z,relro -Wl,-z,now -pie -m32 -g -lxml2
/tmp/qemu-conf--2473-.c:1:24: fatal error: sys/endian.h: No such file or directory
 #include <sys/endian.h>
                        ^
compilation terminated.
cc -fPIE -DPIE -m32 -D_GNU_SOURCE -D_FILE_OFFSET_BITS=64 -D_LARGEFILE_SOURCE -Wstrict-prototypes -Wredundant-decls -Wall -Wundef -Wwrite-strings -Wmissing-prototypes -fno-strict-aliasing -I/usr/include/libxml2 -Wendif-labels -Wmissing-include-dirs -Wempty-body -Wnested-externs -Wformat-security -Wformat-y2k -Winit-self -Wignored-qualifiers -Wold-style-declaration -Wold-style-definition -Wtype-limits -fstack-protector-all -I/usr/include/p11-kit-1 -I/usr/include/libpng12 -o /tmp/qemu-conf--2473-.exe /tmp/qemu-conf--2473-.c -Wl,-z,relro -Wl,-z,now -pie -m32 -g -lxml2 -liscsi
/tmp/qemu-conf--2473-.c:2:25: fatal error: iscsi/iscsi.h: No such file or directory
 #include <iscsi/iscsi.h>
                         ^
compilation terminated.
cc -fPIE -DPIE -m32 -D_GNU_SOURCE -D_FILE_OFFSET_BITS=64 -D_LARGEFILE_SOURCE -Wstrict-prototypes -Wredundant-decls -Wall -Wundef -Wwrite-strings -Wmissing-prototypes -fno-strict-aliasing -I/usr/include/libxml2 -Wendif-labels -Wmissing-include-dirs -Wempty-body -Wnested-externs -Wformat-security -Wformat-y2k -Winit-self -Wignored-qualifiers -Wold-style-declaration -Wold-style-definition -Wtype-limits -fstack-protector-all -I/usr/include/p11-kit-1 -I/usr/include/libpng12 -o /tmp/qemu-conf--2473-.exe /tmp/qemu-conf--2473-.c -Wl,-z,relro -Wl,-z,now -pie -m32 -g -lxml2
cc -Werror -fPIE -DPIE -m32 -D_GNU_SOURCE -D_FILE_OFFSET_BITS=64 -D_LARGEFILE_SOURCE -Wstrict-prototypes -Wredundant-decls -Wall -Wundef -Wwrite-strings -Wmissing-prototypes -fno-strict-aliasing -I/usr/include/libxml2 -Wendif-labels -Wmissing-include-dirs -Wempty-body -Wnested-externs -Wformat-security -Wformat-y2k -Winit-self -Wignored-qualifiers -Wold-style-declaration -Wold-style-definition -Wtype-limits -fstack-protector-all -I/usr/include/p11-kit-1 -I/usr/include/libpng12 -o /tmp/qemu-conf--2473-.exe /tmp/qemu-conf--2473-.c -Wl,-z,relro -Wl,-z,now -pie -m32 -g -lxml2
cc -fPIE -DPIE -m32 -D_GNU_SOURCE -D_FILE_OFFSET_BITS=64 -D_LARGEFILE_SOURCE -Wstrict-prototypes -Wredundant-decls -Wall -Wundef -Wwrite-strings -Wmissing-prototypes -fno-strict-aliasing -I/usr/include/libxml2 -Wendif-labels -Wmissing-include-dirs -Wempty-body -Wnested-externs -Wformat-security -Wformat-y2k -Winit-self -Wignored-qualifiers -Wold-style-declaration -Wold-style-definition -Wtype-limits -fstack-protector-all -I/usr/include/p11-kit-1 -I/usr/include/libpng12 -o /tmp/qemu-conf--2473-.exe /tmp/qemu-conf--2473-.c -Wl,-z,relro -Wl,-z,now -pie -m32 -g -lxml2
/tmp/ccqBI1SM.o: In function `main':
/tmp/qemu-conf--2473-.c:4: undefined reference to `timer_create'
collect2: error: ld returned 1 exit status
cc -fPIE -DPIE -m32 -D_GNU_SOURCE -D_FILE_OFFSET_BITS=64 -D_LARGEFILE_SOURCE -Wstrict-prototypes -Wredundant-decls -Wall -Wundef -Wwrite-strings -Wmissing-prototypes -fno-strict-aliasing -I/usr/include/libxml2 -Wendif-labels -Wmissing-include-dirs -Wempty-body -Wnested-externs -Wformat-security -Wformat-y2k -Winit-self -Wignored-qualifiers -Wold-style-declaration -Wold-style-definition -Wtype-limits -fstack-protector-all -I/usr/include/p11-kit-1 -I/usr/include/libpng12 -o /tmp/qemu-conf--2473-.exe /tmp/qemu-conf--2473-.c -Wl,-z,relro -Wl,-z,now -pie -m32 -g -lxml2 -lrt -pthread
cc -Werror -fPIE -DPIE -m32 -D_GNU_SOURCE -D_FILE_OFFSET_BITS=64 -D_LARGEFILE_SOURCE -Wstrict-prototypes -Wredundant-decls -Wall -Wundef -Wwrite-strings -Wmissing-prototypes -fno-strict-aliasing -I/usr/include/libxml2 -Wendif-labels -Wmissing-include-dirs -Wempty-body -Wnested-externs -Wformat-security -Wformat-y2k -Winit-self -Wignored-qualifiers -Wold-style-declaration -Wold-style-definition -Wtype-limits -fstack-protector-all -I/usr/include/p11-kit-1 -I/usr/include/libpng12 -o /tmp/qemu-conf--2473-.exe /tmp/qemu-conf--2473-.c -Wl,-z,relro -Wl,-z,now -pie -m32 -g -lxml2 -lrt -pthread
cc -fPIE -DPIE -m32 -D_GNU_SOURCE -D_FILE_OFFSET_BITS=64 -D_LARGEFILE_SOURCE -Wstrict-prototypes -Wredundant-decls -Wall -Wundef -Wwrite-strings -Wmissing-prototypes -fno-strict-aliasing -I/usr/include/libxml2 -Wendif-labels -Wmissing-include-dirs -Wempty-body -Wnested-externs -Wformat-security -Wformat-y2k -Winit-self -Wignored-qualifiers -Wold-style-declaration -Wold-style-definition -Wtype-limits -fstack-protector-all -I/usr/include/p11-kit-1 -I/usr/include/libpng12 -Werror -I/usr/include/nss -I/usr/include/nspr -pthread -I/usr/include/glib-2.0 -I/usr/lib/i386-linux-gnu/glib-2.0/include -o /tmp/qemu-conf--2473-.exe /tmp/qemu-conf--2473-.c -Wl,-z,relro -Wl,-z,now -pie -m32 -g -lxml2 -lnss3 -lnssutil3 -lsmime3 -lssl3 -lplds4 -lplc4 -lnspr4 -pthread -lgthread-2.0 -lglib-2.0
cc -fPIE -DPIE -m32 -D_GNU_SOURCE -D_FILE_OFFSET_BITS=64 -D_LARGEFILE_SOURCE -Wstrict-prototypes -Wredundant-decls -Wall -Wundef -Wwrite-strings -Wmissing-prototypes -fno-strict-aliasing -I/usr/include/libxml2 -Wendif-labels -Wmissing-include-dirs -Wempty-body -Wnested-externs -Wformat-security -Wformat-y2k -Winit-self -Wignored-qualifiers -Wold-style-declaration -Wold-style-definition -Wtype-limits -fstack-protector-all -I/usr/include/p11-kit-1 -I/usr/include/libpng12 -I/usr/include/nss -I/usr/include/nspr -pthread -I/usr/include/glib-2.0 -I/usr/lib/i386-linux-gnu/glib-2.0/include -o /tmp/qemu-conf--2473-.exe /tmp/qemu-conf--2473-.c -Wl,-z,relro -Wl,-z,now -pie -m32 -g -lxml2
cc -Werror -fPIE -DPIE -m32 -D_GNU_SOURCE -D_FILE_OFFSET_BITS=64 -D_LARGEFILE_SOURCE -Wstrict-prototypes -Wredundant-decls -Wall -Wundef -Wwrite-strings -Wmissing-prototypes -fno-strict-aliasing -I/usr/include/libxml2 -Wendif-labels -Wmissing-include-dirs -Wempty-body -Wnested-externs -Wformat-security -Wformat-y2k -Winit-self -Wignored-qualifiers -Wold-style-declaration -Wold-style-definition -Wtype-limits -fstack-protector-all -I/usr/include/p11-kit-1 -I/usr/include/libpng12 -I/usr/include/nss -I/usr/include/nspr -pthread -I/usr/include/glib-2.0 -I/usr/lib/i386-linux-gnu/glib-2.0/include -o /tmp/qemu-conf--2473-.exe /tmp/qemu-conf--2473-.c -Wl,-z,relro -Wl,-z,now -pie -m32 -g -lxml2
cc -fPIE -DPIE -m32 -D_GNU_SOURCE -D_FILE_OFFSET_BITS=64 -D_LARGEFILE_SOURCE -Wstrict-prototypes -Wredundant-decls -Wall -Wundef -Wwrite-strings -Wmissing-prototypes -fno-strict-aliasing -I/usr/include/libxml2 -Wendif-labels -Wmissing-include-dirs -Wempty-body -Wnested-externs -Wformat-security -Wformat-y2k -Winit-self -Wignored-qualifiers -Wold-style-declaration -Wold-style-definition -Wtype-limits -fstack-protector-all -I/usr/include/p11-kit-1 -I/usr/include/libpng12 -I/usr/include/nss -I/usr/include/nspr -pthread -I/usr/include/glib-2.0 -I/usr/lib/i386-linux-gnu/glib-2.0/include -o /tmp/qemu-conf--2473-.exe /tmp/qemu-conf--2473-.c -Wl,-z,relro -Wl,-z,now -pie -m32 -g -lxml2
cc -Werror -fPIE -DPIE -m32 -D_GNU_SOURCE -D_FILE_OFFSET_BITS=64 -D_LARGEFILE_SOURCE -Wstrict-prototypes -Wredundant-decls -Wall -Wundef -Wwrite-strings -Wmissing-prototypes -fno-strict-aliasing -I/usr/include/libxml2 -Wendif-labels -Wmissing-include-dirs -Wempty-body -Wnested-externs -Wformat-security -Wformat-y2k -Winit-self -Wignored-qualifiers -Wold-style-declaration -Wold-style-definition -Wtype-limits -fstack-protector-all -I/usr/include/p11-kit-1 -I/usr/include/libpng12 -I/usr/include/nss -I/usr/include/nspr -pthread -I/usr/include/glib-2.0 -I/usr/lib/i386-linux-gnu/glib-2.0/include -o /tmp/qemu-conf--2473-.exe /tmp/qemu-conf--2473-.c -Wl,-z,relro -Wl,-z,now -pie -m32 -g -lxml2
cc -fPIE -DPIE -m32 -D_GNU_SOURCE -D_FILE_OFFSET_BITS=64 -D_LARGEFILE_SOURCE -Wstrict-prototypes -Wredundant-decls -Wall -Wundef -Wwrite-strings -Wmissing-prototypes -fno-strict-aliasing -I/usr/include/libxml2 -Wendif-labels -Wmissing-include-dirs -Wempty-body -Wnested-externs -Wformat-security -Wformat-y2k -Winit-self -Wignored-qualifiers -Wold-style-declaration -Wold-style-definition -Wtype-limits -fstack-protector-all -I/usr/include/p11-kit-1 -I/usr/include/libpng12 -I/usr/include/nss -I/usr/include/nspr -pthread -I/usr/include/glib-2.0 -I/usr/lib/i386-linux-gnu/glib-2.0/include -o /tmp/qemu-conf--2473-.exe /tmp/qemu-conf--2473-.c -Wl,-z,relro -Wl,-z,now -pie -m32 -g -lxml2
cc -Werror -fPIE -DPIE -m32 -D_GNU_SOURCE -D_FILE_OFFSET_BITS=64 -D_LARGEFILE_SOURCE -Wstrict-prototypes -Wredundant-decls -Wall -Wundef -Wwrite-strings -Wmissing-prototypes -fno-strict-aliasing -I/usr/include/libxml2 -Wendif-labels -Wmissing-include-dirs -Wempty-body -Wnested-externs -Wformat-security -Wformat-y2k -Winit-self -Wignored-qualifiers -Wold-style-declaration -Wold-style-definition -Wtype-limits -fstack-protector-all -I/usr/include/p11-kit-1 -I/usr/include/libpng12 -I/usr/include/nss -I/usr/include/nspr -pthread -I/usr/include/glib-2.0 -I/usr/lib/i386-linux-gnu/glib-2.0/include -o /tmp/qemu-conf--2473-.exe /tmp/qemu-conf--2473-.c -Wl,-z,relro -Wl,-z,now -pie -m32 -g -lxml2
cc -fPIE -DPIE -m32 -D_GNU_SOURCE -D_FILE_OFFSET_BITS=64 -D_LARGEFILE_SOURCE -Wstrict-prototypes -Wredundant-decls -Wall -Wundef -Wwrite-strings -Wmissing-prototypes -fno-strict-aliasing -I/usr/include/libxml2 -Wendif-labels -Wmissing-include-dirs -Wempty-body -Wnested-externs -Wformat-security -Wformat-y2k -Winit-self -Wignored-qualifiers -Wold-style-declaration -Wold-style-definition -Wtype-limits -fstack-protector-all -I/usr/include/p11-kit-1 -I/usr/include/libpng12 -I/usr/include/nss -I/usr/include/nspr -pthread -I/usr/include/glib-2.0 -I/usr/lib/i386-linux-gnu/glib-2.0/include -o /tmp/qemu-conf--2473-.exe /tmp/qemu-conf--2473-.c -Wl,-z,relro -Wl,-z,now -pie -m32 -g -lxml2
cc -Werror -fPIE -DPIE -m32 -D_GNU_SOURCE -D_FILE_OFFSET_BITS=64 -D_LARGEFILE_SOURCE -Wstrict-prototypes -Wredundant-decls -Wall -Wundef -Wwrite-strings -Wmissing-prototypes -fno-strict-aliasing -I/usr/include/libxml2 -Wendif-labels -Wmissing-include-dirs -Wempty-body -Wnested-externs -Wformat-security -Wformat-y2k -Winit-self -Wignored-qualifiers -Wold-style-declaration -Wold-style-definition -Wtype-limits -fstack-protector-all -I/usr/include/p11-kit-1 -I/usr/include/libpng12 -I/usr/include/nss -I/usr/include/nspr -pthread -I/usr/include/glib-2.0 -I/usr/lib/i386-linux-gnu/glib-2.0/include -o /tmp/qemu-conf--2473-.exe /tmp/qemu-conf--2473-.c -Wl,-z,relro -Wl,-z,now -pie -m32 -g -lxml2
cc -fPIE -DPIE -m32 -D_GNU_SOURCE -D_FILE_OFFSET_BITS=64 -D_LARGEFILE_SOURCE -Wstrict-prototypes -Wredundant-decls -Wall -Wundef -Wwrite-strings -Wmissing-prototypes -fno-strict-aliasing -I/usr/include/libxml2 -Wendif-labels -Wmissing-include-dirs -Wempty-body -Wnested-externs -Wformat-security -Wformat-y2k -Winit-self -Wignored-qualifiers -Wold-style-declaration -Wold-style-definition -Wtype-limits -fstack-protector-all -I/usr/include/p11-kit-1 -I/usr/include/libpng12 -I/usr/include/nss -I/usr/include/nspr -pthread -I/usr/include/glib-2.0 -I/usr/lib/i386-linux-gnu/glib-2.0/include -o /tmp/qemu-conf--2473-.exe /tmp/qemu-conf--2473-.c -Wl,-z,relro -Wl,-z,now -pie -m32 -g -lxml2
cc -Werror -fPIE -DPIE -m32 -D_GNU_SOURCE -D_FILE_OFFSET_BITS=64 -D_LARGEFILE_SOURCE -Wstrict-prototypes -Wredundant-decls -Wall -Wundef -Wwrite-strings -Wmissing-prototypes -fno-strict-aliasing -I/usr/include/libxml2 -Wendif-labels -Wmissing-include-dirs -Wempty-body -Wnested-externs -Wformat-security -Wformat-y2k -Winit-self -Wignored-qualifiers -Wold-style-declaration -Wold-style-definition -Wtype-limits -fstack-protector-all -I/usr/include/p11-kit-1 -I/usr/include/libpng12 -I/usr/include/nss -I/usr/include/nspr -pthread -I/usr/include/glib-2.0 -I/usr/lib/i386-linux-gnu/glib-2.0/include -o /tmp/qemu-conf--2473-.exe /tmp/qemu-conf--2473-.c -Wl,-z,relro -Wl,-z,now -pie -m32 -g -lxml2
cc -fPIE -DPIE -m32 -D_GNU_SOURCE -D_FILE_OFFSET_BITS=64 -D_LARGEFILE_SOURCE -Wstrict-prototypes -Wredundant-decls -Wall -Wundef -Wwrite-strings -Wmissing-prototypes -fno-strict-aliasing -I/usr/include/libxml2 -Wendif-labels -Wmissing-include-dirs -Wempty-body -Wnested-externs -Wformat-security -Wformat-y2k -Winit-self -Wignored-qualifiers -Wold-style-declaration -Wold-style-definition -Wtype-limits -fstack-protector-all -I/usr/include/p11-kit-1 -I/usr/include/libpng12 -I/usr/include/nss -I/usr/include/nspr -pthread -I/usr/include/glib-2.0 -I/usr/lib/i386-linux-gnu/glib-2.0/include -o /tmp/qemu-conf--2473-.exe /tmp/qemu-conf--2473-.c -Wl,-z,relro -Wl,-z,now -pie -m32 -g -lxml2
cc -Werror -fPIE -DPIE -m32 -D_GNU_SOURCE -D_FILE_OFFSET_BITS=64 -D_LARGEFILE_SOURCE -Wstrict-prototypes -Wredundant-decls -Wall -Wundef -Wwrite-strings -Wmissing-prototypes -fno-strict-aliasing -I/usr/include/libxml2 -Wendif-labels -Wmissing-include-dirs -Wempty-body -Wnested-externs -Wformat-security -Wformat-y2k -Winit-self -Wignored-qualifiers -Wold-style-declaration -Wold-style-definition -Wtype-limits -fstack-protector-all -I/usr/include/p11-kit-1 -I/usr/include/libpng12 -I/usr/include/nss -I/usr/include/nspr -pthread -I/usr/include/glib-2.0 -I/usr/lib/i386-linux-gnu/glib-2.0/include -o /tmp/qemu-conf--2473-.exe /tmp/qemu-conf--2473-.c -Wl,-z,relro -Wl,-z,now -pie -m32 -g -lxml2
cc -fPIE -DPIE -m32 -D_GNU_SOURCE -D_FILE_OFFSET_BITS=64 -D_LARGEFILE_SOURCE -Wstrict-prototypes -Wredundant-decls -Wall -Wundef -Wwrite-strings -Wmissing-prototypes -fno-strict-aliasing -I/usr/include/libxml2 -Wendif-labels -Wmissing-include-dirs -Wempty-body -Wnested-externs -Wformat-security -Wformat-y2k -Winit-self -Wignored-qualifiers -Wold-style-declaration -Wold-style-definition -Wtype-limits -fstack-protector-all -I/usr/include/p11-kit-1 -I/usr/include/libpng12 -I/usr/include/nss -I/usr/include/nspr -pthread -I/usr/include/glib-2.0 -I/usr/lib/i386-linux-gnu/glib-2.0/include -o /tmp/qemu-conf--2473-.exe /tmp/qemu-conf--2473-.c -Wl,-z,relro -Wl,-z,now -pie -m32 -g -lxml2
cc -Werror -fPIE -DPIE -m32 -D_GNU_SOURCE -D_FILE_OFFSET_BITS=64 -D_LARGEFILE_SOURCE -Wstrict-prototypes -Wredundant-decls -Wall -Wundef -Wwrite-strings -Wmissing-prototypes -fno-strict-aliasing -I/usr/include/libxml2 -Wendif-labels -Wmissing-include-dirs -Wempty-body -Wnested-externs -Wformat-security -Wformat-y2k -Winit-self -Wignored-qualifiers -Wold-style-declaration -Wold-style-definition -Wtype-limits -fstack-protector-all -I/usr/include/p11-kit-1 -I/usr/include/libpng12 -I/usr/include/nss -I/usr/include/nspr -pthread -I/usr/include/glib-2.0 -I/usr/lib/i386-linux-gnu/glib-2.0/include -o /tmp/qemu-conf--2473-.exe /tmp/qemu-conf--2473-.c -Wl,-z,relro -Wl,-z,now -pie -m32 -g -lxml2
cc -fPIE -DPIE -m32 -D_GNU_SOURCE -D_FILE_OFFSET_BITS=64 -D_LARGEFILE_SOURCE -Wstrict-prototypes -Wredundant-decls -Wall -Wundef -Wwrite-strings -Wmissing-prototypes -fno-strict-aliasing -I/usr/include/libxml2 -Wendif-labels -Wmissing-include-dirs -Wempty-body -Wnested-externs -Wformat-security -Wformat-y2k -Winit-self -Wignored-qualifiers -Wold-style-declaration -Wold-style-definition -Wtype-limits -fstack-protector-all -I/usr/include/p11-kit-1 -I/usr/include/libpng12 -I/usr/include/nss -I/usr/include/nspr -pthread -I/usr/include/glib-2.0 -I/usr/lib/i386-linux-gnu/glib-2.0/include -Werror -o /tmp/qemu-conf--2473-.exe /tmp/qemu-conf--2473-.c -Wl,-z,relro -Wl,-z,now -pie -m32 -g -lxml2
cc -fPIE -DPIE -m32 -D_GNU_SOURCE -D_FILE_OFFSET_BITS=64 -D_LARGEFILE_SOURCE -Wstrict-prototypes -Wredundant-decls -Wall -Wundef -Wwrite-strings -Wmissing-prototypes -fno-strict-aliasing -I/usr/include/libxml2 -Wendif-labels -Wmissing-include-dirs -Wempty-body -Wnested-externs -Wformat-security -Wformat-y2k -Winit-self -Wignored-qualifiers -Wold-style-declaration -Wold-style-definition -Wtype-limits -fstack-protector-all -I/usr/include/p11-kit-1 -I/usr/include/libpng12 -I/usr/include/nss -I/usr/include/nspr -pthread -I/usr/include/glib-2.0 -I/usr/lib/i386-linux-gnu/glib-2.0/include -o /tmp/qemu-conf--2473-.exe /tmp/qemu-conf--2473-.c -Wl,-z,relro -Wl,-z,now -pie -m32 -g -lxml2
/tmp/qemu-conf--2473-.c:1:31: fatal error: valgrind/valgrind.h: No such file or directory
 #include <valgrind/valgrind.h>
                               ^
compilation terminated.
cc -fPIE -DPIE -m32 -D_GNU_SOURCE -D_FILE_OFFSET_BITS=64 -D_LARGEFILE_SOURCE -Wstrict-prototypes -Wredundant-decls -Wall -Wundef -Wwrite-strings -Wmissing-prototypes -fno-strict-aliasing -I/usr/include/libxml2 -Wendif-labels -Wmissing-include-dirs -Wempty-body -Wnested-externs -Wformat-security -Wformat-y2k -Winit-self -Wignored-qualifiers -Wold-style-declaration -Wold-style-definition -Wtype-limits -fstack-protector-all -I/usr/include/p11-kit-1 -I/usr/include/libpng12 -I/usr/include/nss -I/usr/include/nspr -pthread -I/usr/include/glib-2.0 -I/usr/lib/i386-linux-gnu/glib-2.0/include -o /tmp/qemu-conf--2473-.exe /tmp/qemu-conf--2473-.c -Wl,-z,relro -Wl,-z,now -pie -m32 -g -lxml2
cc -Werror -fPIE -DPIE -m32 -D_GNU_SOURCE -D_FILE_OFFSET_BITS=64 -D_LARGEFILE_SOURCE -Wstrict-prototypes -Wredundant-decls -Wall -Wundef -Wwrite-strings -Wmissing-prototypes -fno-strict-aliasing -I/usr/include/libxml2 -Wendif-labels -Wmissing-include-dirs -Wempty-body -Wnested-externs -Wformat-security -Wformat-y2k -Winit-self -Wignored-qualifiers -Wold-style-declaration -Wold-style-definition -Wtype-limits -fstack-protector-all -I/usr/include/p11-kit-1 -I/usr/include/libpng12 -I/usr/include/nss -I/usr/include/nspr -pthread -I/usr/include/glib-2.0 -I/usr/lib/i386-linux-gnu/glib-2.0/include -o /tmp/qemu-conf--2473-.exe /tmp/qemu-conf--2473-.c -Wl,-z,relro -Wl,-z,now -pie -m32 -g -lxml2
cc -fPIE -DPIE -m32 -D_GNU_SOURCE -D_FILE_OFFSET_BITS=64 -D_LARGEFILE_SOURCE -Wstrict-prototypes -Wredundant-decls -Wall -Wundef -Wwrite-strings -Wmissing-prototypes -fno-strict-aliasing -I/usr/include/libxml2 -Wendif-labels -Wmissing-include-dirs -Wempty-body -Wnested-externs -Wformat-security -Wformat-y2k -Winit-self -Wignored-qualifiers -Wold-style-declaration -Wold-style-definition -Wtype-limits -fstack-protector-all -I/usr/include/p11-kit-1 -I/usr/include/libpng12 -I/usr/include/nss -I/usr/include/nspr -pthread -I/usr/include/glib-2.0 -I/usr/lib/i386-linux-gnu/glib-2.0/include -o /tmp/qemu-conf--2473-.exe /tmp/qemu-conf--2473-.c -Wl,-z,relro -Wl,-z,now -pie -m32 -g -lxml2
cc -Werror -fPIE -DPIE -m32 -D_GNU_SOURCE -D_FILE_OFFSET_BITS=64 -D_LARGEFILE_SOURCE -Wstrict-prototypes -Wredundant-decls -Wall -Wundef -Wwrite-strings -Wmissing-prototypes -fno-strict-aliasing -I/usr/include/libxml2 -Wendif-labels -Wmissing-include-dirs -Wempty-body -Wnested-externs -Wformat-security -Wformat-y2k -Winit-self -Wignored-qualifiers -Wold-style-declaration -Wold-style-definition -Wtype-limits -fstack-protector-all -I/usr/include/p11-kit-1 -I/usr/include/libpng12 -I/usr/include/nss -I/usr/include/nspr -pthread -I/usr/include/glib-2.0 -I/usr/lib/i386-linux-gnu/glib-2.0/include -o /tmp/qemu-conf--2473-.exe /tmp/qemu-conf--2473-.c -Wl,-z,relro -Wl,-z,now -pie -m32 -g -lxml2
cc -fPIE -DPIE -m32 -D_GNU_SOURCE -D_FILE_OFFSET_BITS=64 -D_LARGEFILE_SOURCE -Wstrict-prototypes -Wredundant-decls -Wall -Wundef -Wwrite-strings -Wmissing-prototypes -fno-strict-aliasing -I/usr/include/libxml2 -Wendif-labels -Wmissing-include-dirs -Wempty-body -Wnested-externs -Wformat-security -Wformat-y2k -Winit-self -Wignored-qualifiers -Wold-style-declaration -Wold-style-definition -Wtype-limits -fstack-protector-all -I/usr/include/p11-kit-1 -I/usr/include/libpng12 -I/usr/include/nss -I/usr/include/nspr -pthread -I/usr/include/glib-2.0 -I/usr/lib/i386-linux-gnu/glib-2.0/include -o /tmp/qemu-conf--2473-.exe /tmp/qemu-conf--2473-.c -Wl,-z,relro -Wl,-z,now -pie -m32 -g -lxml2
/tmp/qemu-conf--2473-.c:1:1: error: unknown type name ‘__int128_t’
 __int128_t a;
 ^
/tmp/qemu-conf--2473-.c:2:1: error: unknown type name ‘__uint128_t’
 __uint128_t b;
 ^
cc -fPIE -DPIE -m32 -D_GNU_SOURCE -D_FILE_OFFSET_BITS=64 -D_LARGEFILE_SOURCE -Wstrict-prototypes -Wredundant-decls -Wall -Wundef -Wwrite-strings -Wmissing-prototypes -fno-strict-aliasing -I/usr/include/libxml2 -Wendif-labels -Wmissing-include-dirs -Wempty-body -Wnested-externs -Wformat-security -Wformat-y2k -Winit-self -Wignored-qualifiers -Wold-style-declaration -Wold-style-definition -Wtype-limits -fstack-protector-all -I/usr/include/p11-kit-1 -I/usr/include/libpng12 -I/usr/include/nss -I/usr/include/nspr -pthread -I/usr/include/glib-2.0 -I/usr/lib/i386-linux-gnu/glib-2.0/include -o /tmp/qemu-conf--2473-.exe /tmp/qemu-conf--2473-.c -Wl,-z,relro -Wl,-z,now -pie -m32 -g -lxml2
cc -Werror -fPIE -DPIE -m32 -D_GNU_SOURCE -D_FILE_OFFSET_BITS=64 -D_LARGEFILE_SOURCE -Wstrict-prototypes -Wredundant-decls -Wall -Wundef -Wwrite-strings -Wmissing-prototypes -fno-strict-aliasing -I/usr/include/libxml2 -Wendif-labels -Wmissing-include-dirs -Wempty-body -Wnested-externs -Wformat-security -Wformat-y2k -Winit-self -Wignored-qualifiers -Wold-style-declaration -Wold-style-definition -Wtype-limits -fstack-protector-all -I/usr/include/p11-kit-1 -I/usr/include/libpng12 -I/usr/include/nss -I/usr/include/nspr -pthread -I/usr/include/glib-2.0 -I/usr/lib/i386-linux-gnu/glib-2.0/include -o /tmp/qemu-conf--2473-.exe /tmp/qemu-conf--2473-.c -Wl,-z,relro -Wl,-z,now -pie -m32 -g -lxml2
