This file contains any messages produced by compilers while
running configure, to aid debugging if configure makes a mistake.

It was created by pixman configure 0.18.4, which was
generated by GNU Autoconf 2.69.  Invocation command line was

  $ /home/bernhardsp/git_sandbox/fies/pixman/configure --disable-gtk --disable-shared --enable-static CFLAGS=-O2 -U_FORTIFY_SOURCE -D_FORTIFY_SOURCE=2 -g  -fPIC -m32 -I/usr/include/libxml2 -lxml2 LIBS=-lxml2 -lrt -pthread -lgthread-2.0 -lglib-2.0   -lxml2 -lz -lcurl    --no-create --no-recursion

## --------- ##
## Platform. ##
## --------- ##

hostname = bernhardsp-VirtualBox
uname -m = i686
uname -r = 3.16.0-30-generic
uname -s = Linux
uname -v = #40~14.04.1-Ubuntu SMP Thu Jan 15 17:45:15 UTC 2015

/usr/bin/uname -p = unknown
/bin/uname -X     = unknown

/bin/arch              = unknown
/usr/bin/arch -k       = unknown
/usr/convex/getsysinfo = unknown
/usr/bin/hostinfo      = unknown
/bin/machine           = unknown
/usr/bin/oslevel       = unknown
/bin/universe          = unknown

PATH: /usr/local/sbin
PATH: /usr/local/bin
PATH: /usr/sbin
PATH: /usr/bin
PATH: /sbin
PATH: /bin
PATH: /usr/games
PATH: /usr/local/games
PATH: /home/bernhardsp/diversity_chain/shell_scripts


## ----------- ##
## Core tests. ##
## ----------- ##

configure:2460: checking for a BSD-compatible install
configure:2528: result: /usr/bin/install -c
configure:2539: checking whether build environment is sane
configure:2594: result: yes
configure:2745: checking for a thread-safe mkdir -p
configure:2784: result: /bin/mkdir -p
configure:2791: checking for gawk
configure:2821: result: no
configure:2791: checking for mawk
configure:2807: found /usr/bin/mawk
configure:2818: result: mawk
configure:2829: checking whether make sets $(MAKE)
configure:2851: result: yes
configure:2880: checking whether make supports nested variables
configure:2897: result: yes
configure:3035: checking whether make supports nested variables
configure:3052: result: yes
configure:3071: checking build system type
configure:3085: result: i686-pc-linux-gnu
configure:3105: checking host system type
configure:3118: result: i686-pc-linux-gnu
configure:3189: checking for gcc
configure:3205: found /usr/bin/gcc
configure:3216: result: gcc
configure:3445: checking for C compiler version
configure:3454: gcc --version >&5
gcc (Ubuntu 4.9.2-0ubuntu1~14.04) 4.9.2
Copyright (C) 2014 Free Software Foundation, Inc.
This is free software; see the source for copying conditions.  There is NO
warranty; not even for MERCHANTABILITY or FITNESS FOR A PARTICULAR PURPOSE.

configure:3465: $? = 0
configure:3454: gcc -v >&5
Using built-in specs.
COLLECT_GCC=gcc
COLLECT_LTO_WRAPPER=/usr/lib/gcc/i686-linux-gnu/4.9/lto-wrapper
Target: i686-linux-gnu
Configured with: ../src/configure -v --with-pkgversion='Ubuntu 4.9.2-0ubuntu1~14.04' --with-bugurl=file:///usr/share/doc/gcc-4.9/README.Bugs --enable-languages=c,c++,java,go,d,fortran,objc,obj-c++ --prefix=/usr --program-suffix=-4.9 --enable-shared --enable-linker-build-id --libexecdir=/usr/lib --without-included-gettext --enable-threads=posix --with-gxx-include-dir=/usr/include/c++/4.9 --libdir=/usr/lib --enable-nls --with-sysroot=/ --enable-clocale=gnu --enable-libstdcxx-debug --enable-libstdcxx-time=yes --enable-gnu-unique-object --disable-vtable-verify --enable-plugin --with-system-zlib --disable-browser-plugin --enable-java-awt=gtk --enable-gtk-cairo --with-java-home=/usr/lib/jvm/java-1.5.0-gcj-4.9-i386/jre --enable-java-home --with-jvm-root-dir=/usr/lib/jvm/java-1.5.0-gcj-4.9-i386 --with-jvm-jar-dir=/usr/lib/jvm-exports/java-1.5.0-gcj-4.9-i386 --with-arch-directory=i386 --with-ecj-jar=/usr/share/java/eclipse-ecj.jar --enable-objc-gc --enable-targets=all --enable-multiarch --disable-werror --with-arch-32=i686 --with-multilib-list=m32,m64,mx32 --enable-multilib --with-tune=generic --enable-checking=release --build=i686-linux-gnu --host=i686-linux-gnu --target=i686-linux-gnu
Thread model: posix
gcc version 4.9.2 (Ubuntu 4.9.2-0ubuntu1~14.04) 
configure:3465: $? = 0
configure:3454: gcc -V >&5
gcc: error: unrecognized command line option '-V'
gcc: fatal error: no input files
compilation terminated.
configure:3465: $? = 4
configure:3454: gcc -qversion >&5
gcc: error: unrecognized command line option '-qversion'
gcc: fatal error: no input files
compilation terminated.
configure:3465: $? = 4
configure:3485: checking whether the C compiler works
configure:3507: gcc -O2 -U_FORTIFY_SOURCE -D_FORTIFY_SOURCE=2 -g  -fPIC -m32 -I/usr/include/libxml2 -lxml2   conftest.c -lxml2 -lrt -pthread -lgthread-2.0 -lglib-2.0   -lxml2 -lz -lcurl    >&5
configure:3511: $? = 0
configure:3559: result: yes
configure:3562: checking for C compiler default output file name
configure:3564: result: a.out
configure:3570: checking for suffix of executables
configure:3577: gcc -o conftest -O2 -U_FORTIFY_SOURCE -D_FORTIFY_SOURCE=2 -g  -fPIC -m32 -I/usr/include/libxml2 -lxml2   conftest.c -lxml2 -lrt -pthread -lgthread-2.0 -lglib-2.0   -lxml2 -lz -lcurl    >&5
configure:3581: $? = 0
configure:3603: result: 
configure:3625: checking whether we are cross compiling
configure:3633: gcc -o conftest -O2 -U_FORTIFY_SOURCE -D_FORTIFY_SOURCE=2 -g  -fPIC -m32 -I/usr/include/libxml2 -lxml2   conftest.c -lxml2 -lrt -pthread -lgthread-2.0 -lglib-2.0   -lxml2 -lz -lcurl    >&5
configure:3637: $? = 0
configure:3644: ./conftest
configure:3648: $? = 0
configure:3663: result: no
configure:3668: checking for suffix of object files
configure:3690: gcc -c -O2 -U_FORTIFY_SOURCE -D_FORTIFY_SOURCE=2 -g  -fPIC -m32 -I/usr/include/libxml2 -lxml2  conftest.c >&5
configure:3694: $? = 0
configure:3715: result: o
configure:3719: checking whether we are using the GNU C compiler
configure:3738: gcc -c -O2 -U_FORTIFY_SOURCE -D_FORTIFY_SOURCE=2 -g  -fPIC -m32 -I/usr/include/libxml2 -lxml2  conftest.c >&5
configure:3738: $? = 0
configure:3747: result: yes
configure:3756: checking whether gcc accepts -g
configure:3776: gcc -c -g  conftest.c >&5
configure:3776: $? = 0
configure:3817: result: yes
configure:3834: checking for gcc option to accept ISO C89
configure:3897: gcc  -c -O2 -U_FORTIFY_SOURCE -D_FORTIFY_SOURCE=2 -g  -fPIC -m32 -I/usr/include/libxml2 -lxml2  conftest.c >&5
configure:3897: $? = 0
configure:3910: result: none needed
configure:3935: checking whether gcc understands -c and -o together
configure:3957: gcc -c conftest.c -o conftest2.o
configure:3960: $? = 0
configure:3957: gcc -c conftest.c -o conftest2.o
configure:3960: $? = 0
configure:3972: result: yes
configure:4000: checking for style of include used by make
configure:4028: result: GNU
configure:4054: checking dependency style of gcc
configure:4165: result: gcc3
configure:4189: checking dependency style of gcc
configure:4298: result: gcc3
configure:4359: checking how to print strings
configure:4386: result: printf
configure:4407: checking for a sed that does not truncate output
configure:4471: result: /bin/sed
configure:4489: checking for grep that handles long lines and -e
configure:4547: result: /bin/grep
configure:4552: checking for egrep
configure:4614: result: /bin/grep -E
configure:4619: checking for fgrep
configure:4681: result: /bin/grep -F
configure:4716: checking for ld used by gcc
configure:4783: result: /usr/bin/ld
configure:4790: checking if the linker (/usr/bin/ld) is GNU ld
configure:4805: result: yes
configure:4817: checking for BSD- or MS-compatible name lister (nm)
configure:4866: result: /usr/bin/nm -B
configure:4996: checking the name lister (/usr/bin/nm -B) interface
configure:5003: gcc -c -O2 -U_FORTIFY_SOURCE -D_FORTIFY_SOURCE=2 -g  -fPIC -m32 -I/usr/include/libxml2 -lxml2  conftest.c >&5
configure:5006: /usr/bin/nm -B "conftest.o"
configure:5009: output
00000000 B some_variable
configure:5016: result: BSD nm
configure:5019: checking whether ln -s works
configure:5023: result: yes
configure:5031: checking the maximum length of command line arguments
configure:5162: result: 805306365
configure:5179: checking whether the shell understands some XSI constructs
configure:5189: result: yes
configure:5193: checking whether the shell understands "+="
configure:5199: result: yes
configure:5234: checking how to convert i686-pc-linux-gnu file names to i686-pc-linux-gnu format
configure:5274: result: func_convert_file_noop
configure:5281: checking how to convert i686-pc-linux-gnu file names to toolchain format
configure:5301: result: func_convert_file_noop
configure:5308: checking for /usr/bin/ld option to reload object files
configure:5315: result: -r
configure:5389: checking for objdump
configure:5405: found /usr/bin/objdump
configure:5416: result: objdump
configure:5448: checking how to recognize dependent libraries
configure:5646: result: pass_all
configure:5731: checking for dlltool
configure:5761: result: no
configure:5791: checking how to associate runtime and link libraries
configure:5818: result: printf %s\n
configure:5879: checking for ar
configure:5895: found /usr/bin/ar
configure:5906: result: ar
configure:5943: checking for archiver @FILE support
configure:5960: gcc -c -O2 -U_FORTIFY_SOURCE -D_FORTIFY_SOURCE=2 -g  -fPIC -m32 -I/usr/include/libxml2 -lxml2  conftest.c >&5
configure:5960: $? = 0
configure:5963: ar cru libconftest.a @conftest.lst >&5
configure:5966: $? = 0
configure:5971: ar cru libconftest.a @conftest.lst >&5
ar: conftest.o: No such file or directory
configure:5974: $? = 1
configure:5986: result: @
configure:6044: checking for strip
configure:6060: found /usr/bin/strip
configure:6071: result: strip
configure:6143: checking for ranlib
configure:6159: found /usr/bin/ranlib
configure:6170: result: ranlib
configure:6272: checking command to parse /usr/bin/nm -B output from gcc object
configure:6392: gcc -c -O2 -U_FORTIFY_SOURCE -D_FORTIFY_SOURCE=2 -g  -fPIC -m32 -I/usr/include/libxml2 -lxml2  conftest.c >&5
configure:6395: $? = 0
configure:6399: /usr/bin/nm -B conftest.o \| sed -n -e 's/^.*[ ]\([ABCDGIRSTW][ABCDGIRSTW]*\)[ ][ ]*\([_A-Za-z][_A-Za-z0-9]*\)$/\1 \2 \2/p' | sed '/ __gnu_lto/d' \> conftest.nm
configure:6402: $? = 0
configure:6468: gcc -o conftest -O2 -U_FORTIFY_SOURCE -D_FORTIFY_SOURCE=2 -g  -fPIC -m32 -I/usr/include/libxml2 -lxml2   conftest.c conftstm.o >&5
configure:6471: $? = 0
configure:6509: result: ok
configure:6546: checking for sysroot
configure:6576: result: no
configure:6845: checking for mt
configure:6861: found /bin/mt
configure:6872: result: mt
configure:6895: checking if mt is a manifest tool
configure:6901: mt '-?'
configure:6909: result: no
configure:7551: checking how to run the C preprocessor
configure:7582: gcc -E  conftest.c
configure:7582: $? = 0
configure:7596: gcc -E  conftest.c
conftest.c:11:28: fatal error: ac_nonexistent.h: No such file or directory
 #include <ac_nonexistent.h>
                            ^
compilation terminated.
configure:7596: $? = 1
configure: failed program was:
| /* confdefs.h */
| #define PACKAGE_NAME "pixman"
| #define PACKAGE_TARNAME "pixman"
| #define PACKAGE_VERSION "0.18.4"
| #define PACKAGE_STRING "pixman 0.18.4"
| #define PACKAGE_BUGREPORT ""pixman@lists.freedesktop.org""
| #define PACKAGE_URL ""
| #define PACKAGE "pixman"
| #define VERSION "0.18.4"
| /* end confdefs.h.  */
| #include <ac_nonexistent.h>
configure:7621: result: gcc -E
configure:7641: gcc -E  conftest.c
configure:7641: $? = 0
configure:7655: gcc -E  conftest.c
conftest.c:11:28: fatal error: ac_nonexistent.h: No such file or directory
 #include <ac_nonexistent.h>
                            ^
compilation terminated.
configure:7655: $? = 1
configure: failed program was:
| /* confdefs.h */
| #define PACKAGE_NAME "pixman"
| #define PACKAGE_TARNAME "pixman"
| #define PACKAGE_VERSION "0.18.4"
| #define PACKAGE_STRING "pixman 0.18.4"
| #define PACKAGE_BUGREPORT ""pixman@lists.freedesktop.org""
| #define PACKAGE_URL ""
| #define PACKAGE "pixman"
| #define VERSION "0.18.4"
| /* end confdefs.h.  */
| #include <ac_nonexistent.h>
configure:7684: checking for ANSI C header files
configure:7704: gcc -c -O2 -U_FORTIFY_SOURCE -D_FORTIFY_SOURCE=2 -g  -fPIC -m32 -I/usr/include/libxml2 -lxml2  conftest.c >&5
configure:7704: $? = 0
configure:7777: gcc -o conftest -O2 -U_FORTIFY_SOURCE -D_FORTIFY_SOURCE=2 -g  -fPIC -m32 -I/usr/include/libxml2 -lxml2   conftest.c -lxml2 -lrt -pthread -lgthread-2.0 -lglib-2.0   -lxml2 -lz -lcurl    >&5
configure:7777: $? = 0
configure:7777: ./conftest
configure:7777: $? = 0
configure:7788: result: yes
configure:7801: checking for sys/types.h
configure:7801: gcc -c -O2 -U_FORTIFY_SOURCE -D_FORTIFY_SOURCE=2 -g  -fPIC -m32 -I/usr/include/libxml2 -lxml2  conftest.c >&5
configure:7801: $? = 0
configure:7801: result: yes
configure:7801: checking for sys/stat.h
configure:7801: gcc -c -O2 -U_FORTIFY_SOURCE -D_FORTIFY_SOURCE=2 -g  -fPIC -m32 -I/usr/include/libxml2 -lxml2  conftest.c >&5
configure:7801: $? = 0
configure:7801: result: yes
configure:7801: checking for stdlib.h
configure:7801: gcc -c -O2 -U_FORTIFY_SOURCE -D_FORTIFY_SOURCE=2 -g  -fPIC -m32 -I/usr/include/libxml2 -lxml2  conftest.c >&5
configure:7801: $? = 0
configure:7801: result: yes
configure:7801: checking for string.h
configure:7801: gcc -c -O2 -U_FORTIFY_SOURCE -D_FORTIFY_SOURCE=2 -g  -fPIC -m32 -I/usr/include/libxml2 -lxml2  conftest.c >&5
configure:7801: $? = 0
configure:7801: result: yes
configure:7801: checking for memory.h
configure:7801: gcc -c -O2 -U_FORTIFY_SOURCE -D_FORTIFY_SOURCE=2 -g  -fPIC -m32 -I/usr/include/libxml2 -lxml2  conftest.c >&5
configure:7801: $? = 0
configure:7801: result: yes
configure:7801: checking for strings.h
configure:7801: gcc -c -O2 -U_FORTIFY_SOURCE -D_FORTIFY_SOURCE=2 -g  -fPIC -m32 -I/usr/include/libxml2 -lxml2  conftest.c >&5
configure:7801: $? = 0
configure:7801: result: yes
configure:7801: checking for inttypes.h
configure:7801: gcc -c -O2 -U_FORTIFY_SOURCE -D_FORTIFY_SOURCE=2 -g  -fPIC -m32 -I/usr/include/libxml2 -lxml2  conftest.c >&5
configure:7801: $? = 0
configure:7801: result: yes
configure:7801: checking for stdint.h
configure:7801: gcc -c -O2 -U_FORTIFY_SOURCE -D_FORTIFY_SOURCE=2 -g  -fPIC -m32 -I/usr/include/libxml2 -lxml2  conftest.c >&5
configure:7801: $? = 0
configure:7801: result: yes
configure:7801: checking for unistd.h
configure:7801: gcc -c -O2 -U_FORTIFY_SOURCE -D_FORTIFY_SOURCE=2 -g  -fPIC -m32 -I/usr/include/libxml2 -lxml2  conftest.c >&5
configure:7801: $? = 0
configure:7801: result: yes
configure:7815: checking for dlfcn.h
configure:7815: gcc -c -O2 -U_FORTIFY_SOURCE -D_FORTIFY_SOURCE=2 -g  -fPIC -m32 -I/usr/include/libxml2 -lxml2  conftest.c >&5
configure:7815: $? = 0
configure:7815: result: yes
configure:8021: checking for objdir
configure:8036: result: .libs
configure:8303: checking if gcc supports -fno-rtti -fno-exceptions
configure:8321: gcc -c -O2 -U_FORTIFY_SOURCE -D_FORTIFY_SOURCE=2 -g  -fPIC -m32 -I/usr/include/libxml2 -lxml2  -fno-rtti -fno-exceptions conftest.c >&5
cc1: warning: command line option '-fno-rtti' is valid for C++/ObjC++ but not for C
configure:8325: $? = 0
configure:8338: result: no
configure:8665: checking for gcc option to produce PIC
configure:8672: result: -fPIC -DPIC
configure:8680: checking if gcc PIC flag -fPIC -DPIC works
configure:8698: gcc -c -O2 -U_FORTIFY_SOURCE -D_FORTIFY_SOURCE=2 -g  -fPIC -m32 -I/usr/include/libxml2 -lxml2  -fPIC -DPIC -DPIC conftest.c >&5
configure:8702: $? = 0
configure:8715: result: yes
configure:8744: checking if gcc static flag -static works
configure:8772: result: yes
configure:8787: checking if gcc supports -c -o file.o
configure:8808: gcc -c -O2 -U_FORTIFY_SOURCE -D_FORTIFY_SOURCE=2 -g  -fPIC -m32 -I/usr/include/libxml2 -lxml2  -o out/conftest2.o conftest.c >&5
configure:8812: $? = 0
configure:8834: result: yes
configure:8842: checking if gcc supports -c -o file.o
configure:8889: result: yes
configure:8922: checking whether the gcc linker (/usr/bin/ld) supports shared libraries
configure:10079: result: yes
configure:10319: checking dynamic linker characteristics
configure:10819: gcc -o conftest -O2 -U_FORTIFY_SOURCE -D_FORTIFY_SOURCE=2 -g  -fPIC -m32 -I/usr/include/libxml2 -lxml2   -Wl,-rpath -Wl,/foo conftest.c -lxml2 -lrt -pthread -lgthread-2.0 -lglib-2.0   -lxml2 -lz -lcurl    >&5
configure:10819: $? = 0
configure:11053: result: GNU/Linux ld.so
configure:11160: checking how to hardcode library paths into programs
configure:11185: result: immediate
configure:11725: checking whether stripping libraries is possible
configure:11730: result: yes
configure:11765: checking if libtool supports shared libraries
configure:11767: result: yes
configure:11770: checking whether to build shared libraries
configure:11791: result: no
configure:11794: checking whether to build static libraries
configure:11798: result: yes
configure:11837: checking for getisax
configure:11837: gcc -o conftest -O2 -U_FORTIFY_SOURCE -D_FORTIFY_SOURCE=2 -g  -fPIC -m32 -I/usr/include/libxml2 -lxml2   conftest.c -lxml2 -lrt -pthread -lgthread-2.0 -lglib-2.0   -lxml2 -lz -lcurl    >&5
/tmp/cc31GNSY.o: In function `main':
/home/bernhardsp/git_sandbox/fies/pixman/conftest.c:57: undefined reference to `getisax'
collect2: error: ld returned 1 exit status
configure:11837: $? = 1
configure: failed program was:
| /* confdefs.h */
| #define PACKAGE_NAME "pixman"
| #define PACKAGE_TARNAME "pixman"
| #define PACKAGE_VERSION "0.18.4"
| #define PACKAGE_STRING "pixman 0.18.4"
| #define PACKAGE_BUGREPORT ""pixman@lists.freedesktop.org""
| #define PACKAGE_URL ""
| #define PACKAGE "pixman"
| #define VERSION "0.18.4"
| #define STDC_HEADERS 1
| #define HAVE_SYS_TYPES_H 1
| #define HAVE_SYS_STAT_H 1
| #define HAVE_STDLIB_H 1
| #define HAVE_STRING_H 1
| #define HAVE_MEMORY_H 1
| #define HAVE_STRINGS_H 1
| #define HAVE_INTTYPES_H 1
| #define HAVE_STDINT_H 1
| #define HAVE_UNISTD_H 1
| #define HAVE_DLFCN_H 1
| #define LT_OBJDIR ".libs/"
| /* end confdefs.h.  */
| /* Define getisax to an innocuous variant, in case <limits.h> declares getisax.
|    For example, HP-UX 11i <limits.h> declares gettimeofday.  */
| #define getisax innocuous_getisax
| 
| /* System header to define __stub macros and hopefully few prototypes,
|     which can conflict with char getisax (); below.
|     Prefer <limits.h> to <assert.h> if __STDC__ is defined, since
|     <limits.h> exists even on freestanding compilers.  */
| 
| #ifdef __STDC__
| # include <limits.h>
| #else
| # include <assert.h>
| #endif
| 
| #undef getisax
| 
| /* Override any GCC internal prototype to avoid an error.
|    Use char because int might match the return type of a GCC
|    builtin and then its argument prototype would still apply.  */
| #ifdef __cplusplus
| extern "C"
| #endif
| char getisax ();
| /* The GNU C library defines this for functions which it implements
|     to always fail with ENOSYS.  Some functions are actually named
|     something starting with __ and the normal name is an alias.  */
| #if defined __stub_getisax || defined __stub___getisax
| choke me
| #endif
| 
| int
| main ()
| {
| return getisax ();
|   ;
|   return 0;
| }
configure:11837: result: no
configure:11846: checking whether byte ordering is bigendian
configure:11861: gcc -c -O2 -U_FORTIFY_SOURCE -D_FORTIFY_SOURCE=2 -g  -fPIC -m32 -I/usr/include/libxml2 -lxml2  conftest.c >&5
conftest.c:24:9: error: unknown type name 'not'
         not a universal capable compiler
         ^
conftest.c:24:15: error: expected '=', ',', ';', 'asm' or '__attribute__' before 'universal'
         not a universal capable compiler
               ^
conftest.c:24:15: error: unknown type name 'universal'
configure:11861: $? = 1
configure: failed program was:
| /* confdefs.h */
| #define PACKAGE_NAME "pixman"
| #define PACKAGE_TARNAME "pixman"
| #define PACKAGE_VERSION "0.18.4"
| #define PACKAGE_STRING "pixman 0.18.4"
| #define PACKAGE_BUGREPORT ""pixman@lists.freedesktop.org""
| #define PACKAGE_URL ""
| #define PACKAGE "pixman"
| #define VERSION "0.18.4"
| #define STDC_HEADERS 1
| #define HAVE_SYS_TYPES_H 1
| #define HAVE_SYS_STAT_H 1
| #define HAVE_STDLIB_H 1
| #define HAVE_STRING_H 1
| #define HAVE_MEMORY_H 1
| #define HAVE_STRINGS_H 1
| #define HAVE_INTTYPES_H 1
| #define HAVE_STDINT_H 1
| #define HAVE_UNISTD_H 1
| #define HAVE_DLFCN_H 1
| #define LT_OBJDIR ".libs/"
| /* end confdefs.h.  */
| #ifndef __APPLE_CC__
| 	       not a universal capable compiler
| 	     #endif
| 	     typedef int dummy;
| 
configure:11906: gcc -c -O2 -U_FORTIFY_SOURCE -D_FORTIFY_SOURCE=2 -g  -fPIC -m32 -I/usr/include/libxml2 -lxml2  conftest.c >&5
configure:11906: $? = 0
configure:11924: gcc -c -O2 -U_FORTIFY_SOURCE -D_FORTIFY_SOURCE=2 -g  -fPIC -m32 -I/usr/include/libxml2 -lxml2  conftest.c >&5
conftest.c: In function 'main':
conftest.c:30:4: error: unknown type name 'not'
    not big endian
    ^
conftest.c:30:12: error: expected '=', ',', ';', 'asm' or '__attribute__' before 'endian'
    not big endian
            ^
configure:11924: $? = 1
configure: failed program was:
| /* confdefs.h */
| #define PACKAGE_NAME "pixman"
| #define PACKAGE_TARNAME "pixman"
| #define PACKAGE_VERSION "0.18.4"
| #define PACKAGE_STRING "pixman 0.18.4"
| #define PACKAGE_BUGREPORT ""pixman@lists.freedesktop.org""
| #define PACKAGE_URL ""
| #define PACKAGE "pixman"
| #define VERSION "0.18.4"
| #define STDC_HEADERS 1
| #define HAVE_SYS_TYPES_H 1
| #define HAVE_SYS_STAT_H 1
| #define HAVE_STDLIB_H 1
| #define HAVE_STRING_H 1
| #define HAVE_MEMORY_H 1
| #define HAVE_STRINGS_H 1
| #define HAVE_INTTYPES_H 1
| #define HAVE_STDINT_H 1
| #define HAVE_UNISTD_H 1
| #define HAVE_DLFCN_H 1
| #define LT_OBJDIR ".libs/"
| /* end confdefs.h.  */
| #include <sys/types.h>
| 		#include <sys/param.h>
| 
| int
| main ()
| {
| #if BYTE_ORDER != BIG_ENDIAN
| 		 not big endian
| 		#endif
| 
|   ;
|   return 0;
| }
configure:12052: result: no
configure:12070: checking for inline
configure:12086: gcc -c -O2 -U_FORTIFY_SOURCE -D_FORTIFY_SOURCE=2 -g  -fPIC -m32 -I/usr/include/libxml2 -lxml2  conftest.c >&5
configure:12086: $? = 0
configure:12094: result: inline
configure:12117: checking size of long
configure:12122: gcc -o conftest -O2 -U_FORTIFY_SOURCE -D_FORTIFY_SOURCE=2 -g  -fPIC -m32 -I/usr/include/libxml2 -lxml2   conftest.c -lxml2 -lrt -pthread -lgthread-2.0 -lglib-2.0   -lxml2 -lz -lcurl    >&5
configure:12122: $? = 0
configure:12122: ./conftest
configure:12122: $? = 0
configure:12136: result: 4
configure:12148: checking whether __SUNPRO_C is declared
configure:12148: gcc -c -O2 -U_FORTIFY_SOURCE -D_FORTIFY_SOURCE=2 -g  -fPIC -m32 -I/usr/include/libxml2 -lxml2  conftest.c >&5
conftest.c: In function 'main':
conftest.c:64:10: error: '__SUNPRO_C' undeclared (first use in this function)
   (void) __SUNPRO_C;
          ^
conftest.c:64:10: note: each undeclared identifier is reported only once for each function it appears in
configure:12148: $? = 1
configure: failed program was:
| /* confdefs.h */
| #define PACKAGE_NAME "pixman"
| #define PACKAGE_TARNAME "pixman"
| #define PACKAGE_VERSION "0.18.4"
| #define PACKAGE_STRING "pixman 0.18.4"
| #define PACKAGE_BUGREPORT ""pixman@lists.freedesktop.org""
| #define PACKAGE_URL ""
| #define PACKAGE "pixman"
| #define VERSION "0.18.4"
| #define STDC_HEADERS 1
| #define HAVE_SYS_TYPES_H 1
| #define HAVE_SYS_STAT_H 1
| #define HAVE_STDLIB_H 1
| #define HAVE_STRING_H 1
| #define HAVE_MEMORY_H 1
| #define HAVE_STRINGS_H 1
| #define HAVE_INTTYPES_H 1
| #define HAVE_STDINT_H 1
| #define HAVE_UNISTD_H 1
| #define HAVE_DLFCN_H 1
| #define LT_OBJDIR ".libs/"
| #define SIZEOF_LONG 4
| /* end confdefs.h.  */
| #include <stdio.h>
| #ifdef HAVE_SYS_TYPES_H
| # include <sys/types.h>
| #endif
| #ifdef HAVE_SYS_STAT_H
| # include <sys/stat.h>
| #endif
| #ifdef STDC_HEADERS
| # include <stdlib.h>
| # include <stddef.h>
| #else
| # ifdef HAVE_STDLIB_H
| #  include <stdlib.h>
| # endif
| #endif
| #ifdef HAVE_STRING_H
| # if !defined STDC_HEADERS && defined HAVE_MEMORY_H
| #  include <memory.h>
| # endif
| # include <string.h>
| #endif
| #ifdef HAVE_STRINGS_H
| # include <strings.h>
| #endif
| #ifdef HAVE_INTTYPES_H
| # include <inttypes.h>
| #endif
| #ifdef HAVE_STDINT_H
| # include <stdint.h>
| #endif
| #ifdef HAVE_UNISTD_H
| # include <unistd.h>
| #endif
| int
| main ()
| {
| #ifndef __SUNPRO_C
| #ifdef __cplusplus
|   (void) __SUNPRO_C;
| #else
|   (void) __SUNPRO_C;
| #endif
| #endif
| 
|   ;
|   return 0;
| }
configure:12148: result: no
configure:12155: checking whether __amd64 is declared
configure:12155: gcc -c -O2 -U_FORTIFY_SOURCE -D_FORTIFY_SOURCE=2 -g  -fPIC -m32 -I/usr/include/libxml2 -lxml2  conftest.c >&5
conftest.c: In function 'main':
conftest.c:64:10: error: '__amd64' undeclared (first use in this function)
   (void) __amd64;
          ^
conftest.c:64:10: note: each undeclared identifier is reported only once for each function it appears in
configure:12155: $? = 1
configure: failed program was:
| /* confdefs.h */
| #define PACKAGE_NAME "pixman"
| #define PACKAGE_TARNAME "pixman"
| #define PACKAGE_VERSION "0.18.4"
| #define PACKAGE_STRING "pixman 0.18.4"
| #define PACKAGE_BUGREPORT ""pixman@lists.freedesktop.org""
| #define PACKAGE_URL ""
| #define PACKAGE "pixman"
| #define VERSION "0.18.4"
| #define STDC_HEADERS 1
| #define HAVE_SYS_TYPES_H 1
| #define HAVE_SYS_STAT_H 1
| #define HAVE_STDLIB_H 1
| #define HAVE_STRING_H 1
| #define HAVE_MEMORY_H 1
| #define HAVE_STRINGS_H 1
| #define HAVE_INTTYPES_H 1
| #define HAVE_STDINT_H 1
| #define HAVE_UNISTD_H 1
| #define HAVE_DLFCN_H 1
| #define LT_OBJDIR ".libs/"
| #define SIZEOF_LONG 4
| /* end confdefs.h.  */
| #include <stdio.h>
| #ifdef HAVE_SYS_TYPES_H
| # include <sys/types.h>
| #endif
| #ifdef HAVE_SYS_STAT_H
| # include <sys/stat.h>
| #endif
| #ifdef STDC_HEADERS
| # include <stdlib.h>
| # include <stddef.h>
| #else
| # ifdef HAVE_STDLIB_H
| #  include <stdlib.h>
| # endif
| #endif
| #ifdef HAVE_STRING_H
| # if !defined STDC_HEADERS && defined HAVE_MEMORY_H
| #  include <memory.h>
| # endif
| # include <string.h>
| #endif
| #ifdef HAVE_STRINGS_H
| # include <strings.h>
| #endif
| #ifdef HAVE_INTTYPES_H
| # include <inttypes.h>
| #endif
| #ifdef HAVE_STDINT_H
| # include <stdint.h>
| #endif
| #ifdef HAVE_UNISTD_H
| # include <unistd.h>
| #endif
| int
| main ()
| {
| #ifndef __amd64
| #ifdef __cplusplus
|   (void) __amd64;
| #else
|   (void) __amd64;
| #endif
| #endif
| 
|   ;
|   return 0;
| }
configure:12155: result: no
configure:12212: checking for perl
configure:12230: found /usr/bin/perl
configure:12243: result: /usr/bin/perl
configure:12258: checking for -fvisibility
configure:12270: gcc -c -O2 -U_FORTIFY_SOURCE -D_FORTIFY_SOURCE=2 -g  -fPIC -m32 -I/usr/include/libxml2 -lxml2 -Wall -fno-strict-aliasing  conftest.c >&5
configure:12270: $? = 0
configure:12278: result: yes
configure:12282: checking for -xldscope (Sun compilers)
configure:12294: gcc -c -O2 -U_FORTIFY_SOURCE -D_FORTIFY_SOURCE=2 -g  -fPIC -m32 -I/usr/include/libxml2 -lxml2 -Wall -fno-strict-aliasing -fvisibility=hidden  conftest.c >&5
conftest.c:27:1: error: unknown type name 'error'
 error Need Sun Studio 8 for visibility
 ^
conftest.c:27:12: error: expected '=', ',', ';', 'asm' or '__attribute__' before 'Sun'
 error Need Sun Studio 8 for visibility
            ^
conftest.c:27:12: error: unknown type name 'Sun'
configure:12294: $? = 1
configure: failed program was:
| /* confdefs.h */
| #define PACKAGE_NAME "pixman"
| #define PACKAGE_TARNAME "pixman"
| #define PACKAGE_VERSION "0.18.4"
| #define PACKAGE_STRING "pixman 0.18.4"
| #define PACKAGE_BUGREPORT ""pixman@lists.freedesktop.org""
| #define PACKAGE_URL ""
| #define PACKAGE "pixman"
| #define VERSION "0.18.4"
| #define STDC_HEADERS 1
| #define HAVE_SYS_TYPES_H 1
| #define HAVE_SYS_STAT_H 1
| #define HAVE_STDLIB_H 1
| #define HAVE_STRING_H 1
| #define HAVE_MEMORY_H 1
| #define HAVE_STRINGS_H 1
| #define HAVE_INTTYPES_H 1
| #define HAVE_STDINT_H 1
| #define HAVE_UNISTD_H 1
| #define HAVE_DLFCN_H 1
| #define LT_OBJDIR ".libs/"
| #define SIZEOF_LONG 4
| /* end confdefs.h.  */
| 
| #if defined(__SUNPRO_C) && (__SUNPRO_C >= 0x550)
| #else
| error Need Sun Studio 8 for visibility
| #endif
| int main () { return 0; }
| 
configure:12302: result: no
configure:12320: checking whether to use MMX intrinsics
configure:12336: gcc -c -mmmx -Winline -O2 -U_FORTIFY_SOURCE -D_FORTIFY_SOURCE=2 -g  -fPIC -m32 -I/usr/include/libxml2 -lxml2 -Wall -fno-strict-aliasing -fvisibility=hidden  conftest.c >&5
configure:12336: $? = 0
configure:12362: result: yes
configure:12390: checking whether to use SSE2 intrinsics
configure:12412: gcc -c -mmmx -msse2 -Winline -O2 -U_FORTIFY_SOURCE -D_FORTIFY_SOURCE=2 -g  -fPIC -m32 -I/usr/include/libxml2 -lxml2 -Wall -fno-strict-aliasing -fvisibility=hidden  conftest.c >&5
conftest.c: In function 'main':
conftest.c:35:61: warning: variable 'c' set but not used [-Wunused-but-set-variable]
     __m128i a = _mm_set1_epi32 (0), b = _mm_set1_epi32 (0), c;
                                                             ^
configure:12412: $? = 0
configure:12436: result: yes
configure:12500: checking whether to use VMX/Altivec intrinsics
configure:12517: gcc -c -maltivec -mabi=altivec -O2 -U_FORTIFY_SOURCE -D_FORTIFY_SOURCE=2 -g  -fPIC -m32 -I/usr/include/libxml2 -lxml2 -Wall -fno-strict-aliasing -fvisibility=hidden  conftest.c >&5
gcc: error: unrecognized argument in option '-mabi=altivec'
gcc: note: valid arguments to '-mabi=' are: ms sysv
gcc: error: unrecognized command line option '-maltivec'
configure:12517: $? = 1
configure: failed program was:
| /* confdefs.h */
| #define PACKAGE_NAME "pixman"
| #define PACKAGE_TARNAME "pixman"
| #define PACKAGE_VERSION "0.18.4"
| #define PACKAGE_STRING "pixman 0.18.4"
| #define PACKAGE_BUGREPORT ""pixman@lists.freedesktop.org""
| #define PACKAGE_URL ""
| #define PACKAGE "pixman"
| #define VERSION "0.18.4"
| #define STDC_HEADERS 1
| #define HAVE_SYS_TYPES_H 1
| #define HAVE_SYS_STAT_H 1
| #define HAVE_STDLIB_H 1
| #define HAVE_STRING_H 1
| #define HAVE_MEMORY_H 1
| #define HAVE_STRINGS_H 1
| #define HAVE_INTTYPES_H 1
| #define HAVE_STDINT_H 1
| #define HAVE_UNISTD_H 1
| #define HAVE_DLFCN_H 1
| #define LT_OBJDIR ".libs/"
| #define SIZEOF_LONG 4
| #define USE_MMX 1
| #define USE_SSE2 1
| /* end confdefs.h.  */
| 
| #if defined(__GNUC__) && (__GNUC__ < 3 || (__GNUC__ == 3 && __GNUC_MINOR__ < 4))
| error "Need GCC >= 3.4 for sane altivec support"
| #endif
| #include <altivec.h>
| int main () {
|     vector unsigned int v = vec_splat_u32 (1);
|     v = vec_sub (v, v);
|     return 0;
| }
configure:12543: result: no
configure:12561: checking whether to use ARM SIMD assembler
configure:12579: gcc -c -x assembler-with-cpp -O2 -U_FORTIFY_SOURCE -D_FORTIFY_SOURCE=2 -g  -fPIC -m32 -I/usr/include/libxml2 -lxml2 -Wall -fno-strict-aliasing -fvisibility=hidden  conftest.c >&5
conftest.c:33:2: error: #error EABI is required (to be sure that calling conventions are compatible)
 #error EABI is required (to be sure that calling conventions are compatible)
  ^
configure:12579: $? = 1
configure: failed program was:
| /* confdefs.h */
| #define PACKAGE_NAME "pixman"
| #define PACKAGE_TARNAME "pixman"
| #define PACKAGE_VERSION "0.18.4"
| #define PACKAGE_STRING "pixman 0.18.4"
| #define PACKAGE_BUGREPORT ""pixman@lists.freedesktop.org""
| #define PACKAGE_URL ""
| #define PACKAGE "pixman"
| #define VERSION "0.18.4"
| #define STDC_HEADERS 1
| #define HAVE_SYS_TYPES_H 1
| #define HAVE_SYS_STAT_H 1
| #define HAVE_STDLIB_H 1
| #define HAVE_STRING_H 1
| #define HAVE_MEMORY_H 1
| #define HAVE_STRINGS_H 1
| #define HAVE_INTTYPES_H 1
| #define HAVE_STDINT_H 1
| #define HAVE_UNISTD_H 1
| #define HAVE_DLFCN_H 1
| #define LT_OBJDIR ".libs/"
| #define SIZEOF_LONG 4
| #define USE_MMX 1
| #define USE_SSE2 1
| /* end confdefs.h.  */
| 
| .text
| .arch armv6
| .object_arch armv4
| .arm
| .altmacro
| #ifndef __ARM_EABI__
| #error EABI is required (to be sure that calling conventions are compatible)
| #endif
| pld [r0]
| uqadd8 r0, r0, r0
configure:12612: result: no
configure:12619: checking whether to use ARM NEON assembler
configure:12639: gcc -c -x assembler-with-cpp -O2 -U_FORTIFY_SOURCE -D_FORTIFY_SOURCE=2 -g  -fPIC -m32 -I/usr/include/libxml2 -lxml2 -Wall -fno-strict-aliasing -fvisibility=hidden  conftest.c >&5
conftest.c:35:2: error: #error EABI is required (to be sure that calling conventions are compatible)
 #error EABI is required (to be sure that calling conventions are compatible)
  ^
configure:12639: $? = 1
configure: failed program was:
| /* confdefs.h */
| #define PACKAGE_NAME "pixman"
| #define PACKAGE_TARNAME "pixman"
| #define PACKAGE_VERSION "0.18.4"
| #define PACKAGE_STRING "pixman 0.18.4"
| #define PACKAGE_BUGREPORT ""pixman@lists.freedesktop.org""
| #define PACKAGE_URL ""
| #define PACKAGE "pixman"
| #define VERSION "0.18.4"
| #define STDC_HEADERS 1
| #define HAVE_SYS_TYPES_H 1
| #define HAVE_SYS_STAT_H 1
| #define HAVE_STDLIB_H 1
| #define HAVE_STRING_H 1
| #define HAVE_MEMORY_H 1
| #define HAVE_STRINGS_H 1
| #define HAVE_INTTYPES_H 1
| #define HAVE_STDINT_H 1
| #define HAVE_UNISTD_H 1
| #define HAVE_DLFCN_H 1
| #define LT_OBJDIR ".libs/"
| #define SIZEOF_LONG 4
| #define USE_MMX 1
| #define USE_SSE2 1
| /* end confdefs.h.  */
| 
| .text
| .fpu neon
| .arch armv7a
| .object_arch armv4
| .eabi_attribute 10, 0
| .arm
| .altmacro
| #ifndef __ARM_EABI__
| #error EABI is required (to be sure that calling conventions are compatible)
| #endif
| pld [r0]
| vmovn.u16 d0, q0
configure:12672: result: no
configure:12680: checking whether to use GNU-style inline assembler
configure:12691: gcc -c -O2 -U_FORTIFY_SOURCE -D_FORTIFY_SOURCE=2 -g  -fPIC -m32 -I/usr/include/libxml2 -lxml2 -Wall -fno-strict-aliasing -fvisibility=hidden  conftest.c >&5
configure:12691: $? = 0
configure:12714: result: yes
configure:12808: checking for pkg-config
configure:12826: found /usr/bin/pkg-config
configure:12838: result: /usr/bin/pkg-config
configure:12863: checking pkg-config is at least version 0.9.0
configure:12866: result: yes
configure:12995: checking for posix_memalign
configure:12995: gcc -o conftest -O2 -U_FORTIFY_SOURCE -D_FORTIFY_SOURCE=2 -g  -fPIC -m32 -I/usr/include/libxml2 -lxml2 -Wall -fno-strict-aliasing -fvisibility=hidden   conftest.c -lxml2 -lrt -pthread -lgthread-2.0 -lglib-2.0   -lxml2 -lz -lcurl    >&5
conftest.c:50:6: warning: conflicting types for built-in function 'posix_memalign'
 char posix_memalign ();
      ^
configure:12995: $? = 0
configure:12995: result: yes
configure:13011: checking for __thread
configure:13023: gcc -c -O2 -U_FORTIFY_SOURCE -D_FORTIFY_SOURCE=2 -g  -fPIC -m32 -I/usr/include/libxml2 -lxml2 -Wall -fno-strict-aliasing -fvisibility=hidden  conftest.c >&5
configure:13023: $? = 0
configure:13034: result: yes
configure:13221: checking that generated files are newer than configure
configure:13227: result: done
configure:13283: creating ./config.status

## ---------------- ##
## Cache variables. ##
## ---------------- ##

ac_cv_build=i686-pc-linux-gnu
ac_cv_c_bigendian=no
ac_cv_c_compiler_gnu=yes
ac_cv_c_inline=inline
ac_cv_env_CCASFLAGS_set=
ac_cv_env_CCASFLAGS_value=
ac_cv_env_CCAS_set=
ac_cv_env_CCAS_value=
ac_cv_env_CC_set=
ac_cv_env_CC_value=
ac_cv_env_CFLAGS_set=set
ac_cv_env_CFLAGS_value='-O2 -U_FORTIFY_SOURCE -D_FORTIFY_SOURCE=2 -g  -fPIC -m32 -I/usr/include/libxml2 -lxml2'
ac_cv_env_CPPFLAGS_set=
ac_cv_env_CPPFLAGS_value=
ac_cv_env_CPP_set=
ac_cv_env_CPP_value=
ac_cv_env_GTK_CFLAGS_set=
ac_cv_env_GTK_CFLAGS_value=
ac_cv_env_GTK_LIBS_set=
ac_cv_env_GTK_LIBS_value=
ac_cv_env_LDFLAGS_set=
ac_cv_env_LDFLAGS_value=
ac_cv_env_LIBS_set=set
ac_cv_env_LIBS_value='-lxml2 -lrt -pthread -lgthread-2.0 -lglib-2.0   -lxml2 -lz -lcurl   '
ac_cv_env_PKG_CONFIG_LIBDIR_set=
ac_cv_env_PKG_CONFIG_LIBDIR_value=
ac_cv_env_PKG_CONFIG_PATH_set=
ac_cv_env_PKG_CONFIG_PATH_value=
ac_cv_env_PKG_CONFIG_set=
ac_cv_env_PKG_CONFIG_value=
ac_cv_env_build_alias_set=
ac_cv_env_build_alias_value=
ac_cv_env_host_alias_set=
ac_cv_env_host_alias_value=
ac_cv_env_target_alias_set=
ac_cv_env_target_alias_value=
ac_cv_func_getisax=no
ac_cv_func_posix_memalign=yes
ac_cv_have_decl___SUNPRO_C=no
ac_cv_have_decl___amd64=no
ac_cv_header_dlfcn_h=yes
ac_cv_header_inttypes_h=yes
ac_cv_header_memory_h=yes
ac_cv_header_stdc=yes
ac_cv_header_stdint_h=yes
ac_cv_header_stdlib_h=yes
ac_cv_header_string_h=yes
ac_cv_header_strings_h=yes
ac_cv_header_sys_stat_h=yes
ac_cv_header_sys_types_h=yes
ac_cv_header_unistd_h=yes
ac_cv_host=i686-pc-linux-gnu
ac_cv_objext=o
ac_cv_path_EGREP='/bin/grep -E'
ac_cv_path_FGREP='/bin/grep -F'
ac_cv_path_GREP=/bin/grep
ac_cv_path_PERL=/usr/bin/perl
ac_cv_path_SED=/bin/sed
ac_cv_path_ac_pt_PKG_CONFIG=/usr/bin/pkg-config
ac_cv_path_install='/usr/bin/install -c'
ac_cv_path_mkdir=/bin/mkdir
ac_cv_prog_AWK=mawk
ac_cv_prog_CPP='gcc -E'
ac_cv_prog_ac_ct_AR=ar
ac_cv_prog_ac_ct_CC=gcc
ac_cv_prog_ac_ct_MANIFEST_TOOL=mt
ac_cv_prog_ac_ct_OBJDUMP=objdump
ac_cv_prog_ac_ct_RANLIB=ranlib
ac_cv_prog_ac_ct_STRIP=strip
ac_cv_prog_cc_c89=
ac_cv_prog_cc_g=yes
ac_cv_prog_make_make_set=yes
ac_cv_sizeof_long=4
am_cv_CCAS_dependencies_compiler_type=gcc3
am_cv_CC_dependencies_compiler_type=gcc3
am_cv_make_support_nested_variables=yes
am_cv_prog_cc_c_o=yes
lt_cv_ar_at_file=@
lt_cv_deplibs_check_method=pass_all
lt_cv_file_magic_cmd='$MAGIC_CMD'
lt_cv_file_magic_test_file=
lt_cv_ld_reload_flag=-r
lt_cv_nm_interface='BSD nm'
lt_cv_objdir=.libs
lt_cv_path_LD=/usr/bin/ld
lt_cv_path_NM='/usr/bin/nm -B'
lt_cv_path_mainfest_tool=no
lt_cv_prog_compiler_c_o=yes
lt_cv_prog_compiler_pic='-fPIC -DPIC'
lt_cv_prog_compiler_pic_works=yes
lt_cv_prog_compiler_rtti_exceptions=no
lt_cv_prog_compiler_static_works=yes
lt_cv_prog_gnu_ld=yes
lt_cv_sharedlib_from_linklib_cmd='printf %s\n'
lt_cv_shlibpath_overrides_runpath=no
lt_cv_sys_global_symbol_pipe='sed -n -e '\''s/^.*[	 ]\([ABCDGIRSTW][ABCDGIRSTW]*\)[	 ][	 ]*\([_A-Za-z][_A-Za-z0-9]*\)$/\1 \2 \2/p'\'' | sed '\''/ __gnu_lto/d'\'''
lt_cv_sys_global_symbol_to_c_name_address='sed -n -e '\''s/^: \([^ ]*\)[ ]*$/  {\"\1\", (void *) 0},/p'\'' -e '\''s/^[ABCDGIRSTW]* \([^ ]*\) \([^ ]*\)$/  {"\2", (void *) \&\2},/p'\'''
lt_cv_sys_global_symbol_to_c_name_address_lib_prefix='sed -n -e '\''s/^: \([^ ]*\)[ ]*$/  {\"\1\", (void *) 0},/p'\'' -e '\''s/^[ABCDGIRSTW]* \([^ ]*\) \(lib[^ ]*\)$/  {"\2", (void *) \&\2},/p'\'' -e '\''s/^[ABCDGIRSTW]* \([^ ]*\) \([^ ]*\)$/  {"lib\2", (void *) \&\2},/p'\'''
lt_cv_sys_global_symbol_to_cdecl='sed -n -e '\''s/^T .* \(.*\)$/extern int \1();/p'\'' -e '\''s/^[ABCDGIRSTW]* .* \(.*\)$/extern char \1;/p'\'''
lt_cv_sys_max_cmd_len=805306365
lt_cv_to_host_file_cmd=func_convert_file_noop
lt_cv_to_tool_file_cmd=func_convert_file_noop

## ----------------- ##
## Output variables. ##
## ----------------- ##

ACLOCAL='${SHELL} /home/bernhardsp/git_sandbox/fies/pixman/missing aclocal-1.14'
AMDEPBACKSLASH='\'
AMDEP_FALSE='#'
AMDEP_TRUE=''
AMTAR='$${TAR-tar}'
AM_BACKSLASH='\'
AM_DEFAULT_V='$(AM_DEFAULT_VERBOSITY)'
AM_DEFAULT_VERBOSITY='0'
AM_V='$(V)'
AR='ar'
AUTOCONF='${SHELL} /home/bernhardsp/git_sandbox/fies/pixman/missing autoconf'
AUTOHEADER='${SHELL} /home/bernhardsp/git_sandbox/fies/pixman/missing autoheader'
AUTOMAKE='${SHELL} /home/bernhardsp/git_sandbox/fies/pixman/missing automake-1.14'
AWK='mawk'
CC='gcc'
CCAS='gcc'
CCASDEPMODE='depmode=gcc3'
CCASFLAGS='-O2 -U_FORTIFY_SOURCE -D_FORTIFY_SOURCE=2 -g  -fPIC -m32 -I/usr/include/libxml2 -lxml2'
CCDEPMODE='depmode=gcc3'
CFLAGS='-O2 -U_FORTIFY_SOURCE -D_FORTIFY_SOURCE=2 -g  -fPIC -m32 -I/usr/include/libxml2 -lxml2 -Wall -fno-strict-aliasing -fvisibility=hidden'
CPP='gcc -E'
CPPFLAGS=''
CYGPATH_W='echo'
DEFS='-DHAVE_CONFIG_H'
DEPDIR='.deps'
DEP_CFLAGS=''
DEP_LIBS=''
DLLTOOL='false'
DSYMUTIL=''
DUMPBIN=''
ECHO_C=''
ECHO_N='-n'
ECHO_T=''
EGREP='/bin/grep -E'
EXEEXT=''
FGREP='/bin/grep -F'
GREP='/bin/grep'
GTK_CFLAGS=''
GTK_LIBS=''
HAVE_GTK_FALSE=''
HAVE_GTK_TRUE='#'
HAVE_PTHREAD_SETSPECIFIC=''
INSTALL_DATA='${INSTALL} -m 644'
INSTALL_PROGRAM='${INSTALL}'
INSTALL_SCRIPT='${INSTALL}'
INSTALL_STRIP_PROGRAM='$(install_sh) -c -s'
LD='/usr/bin/ld'
LDFLAGS=''
LIBOBJS=''
LIBS='-lxml2 -lrt -pthread -lgthread-2.0 -lglib-2.0   -lxml2 -lz -lcurl   '
LIBTOOL='$(SHELL) $(top_builddir)/libtool'
LIPO=''
LN_S='ln -s'
LTLIBOBJS=''
LT_VERSION_INFO='18:4:18'
MAKEINFO='${SHELL} /home/bernhardsp/git_sandbox/fies/pixman/missing makeinfo'
MANIFEST_TOOL=':'
MKDIR_P='/bin/mkdir -p'
MMX_CFLAGS='-mmmx -Winline'
MMX_LDFLAGS=''
NM='/usr/bin/nm -B'
NMEDIT=''
OBJDUMP='objdump'
OBJEXT='o'
OTOOL64=''
OTOOL=''
PACKAGE='pixman'
PACKAGE_BUGREPORT='"pixman@lists.freedesktop.org"'
PACKAGE_NAME='pixman'
PACKAGE_STRING='pixman 0.18.4'
PACKAGE_TARNAME='pixman'
PACKAGE_URL=''
PACKAGE_VERSION='0.18.4'
PATH_SEPARATOR=':'
PERL='/usr/bin/perl'
PIXMAN_TIMERS=''
PIXMAN_VERSION_MAJOR='0'
PIXMAN_VERSION_MICRO='4'
PIXMAN_VERSION_MINOR='18'
PKG_CONFIG='/usr/bin/pkg-config'
PKG_CONFIG_LIBDIR=''
PKG_CONFIG_PATH=''
PTHREAD_LDFLAGS=''
RANLIB='ranlib'
SED='/bin/sed'
SET_MAKE=''
SHELL='/bin/bash'
SSE2_CFLAGS='-mmmx -msse2 -Winline'
SSE2_LDFLAGS=''
STRIP='strip'
TOOLCHAIN_SUPPORTS__THREAD=''
USE_ARM_NEON_FALSE=''
USE_ARM_NEON_TRUE='#'
USE_ARM_SIMD_FALSE=''
USE_ARM_SIMD_TRUE='#'
USE_GCC_INLINE_ASM_FALSE='#'
USE_GCC_INLINE_ASM_TRUE=''
USE_MMX_FALSE='#'
USE_MMX_TRUE=''
USE_SSE2_FALSE='#'
USE_SSE2_TRUE=''
USE_VMX_FALSE=''
USE_VMX_TRUE='#'
VERSION='0.18.4'
VMX_CFLAGS=''
ac_ct_AR='ar'
ac_ct_CC='gcc'
ac_ct_DUMPBIN=''
am__EXEEXT_FALSE=''
am__EXEEXT_TRUE='#'
am__fastdepCCAS_FALSE='#'
am__fastdepCCAS_TRUE=''
am__fastdepCC_FALSE='#'
am__fastdepCC_TRUE=''
am__include='include'
am__isrc=''
am__leading_dot='.'
am__nodep='_no'
am__quote=''
am__tar='$${TAR-tar} chof - "$$tardir"'
am__untar='$${TAR-tar} xf -'
bindir='${exec_prefix}/bin'
build='i686-pc-linux-gnu'
build_alias=''
build_cpu='i686'
build_os='linux-gnu'
build_vendor='pc'
datadir='${datarootdir}'
datarootdir='${prefix}/share'
docdir='${datarootdir}/doc/${PACKAGE_TARNAME}'
dvidir='${docdir}'
exec_prefix='${prefix}'
host='i686-pc-linux-gnu'
host_alias=''
host_cpu='i686'
host_os='linux-gnu'
host_vendor='pc'
htmldir='${docdir}'
includedir='${prefix}/include'
infodir='${datarootdir}/info'
install_sh='${SHELL} /home/bernhardsp/git_sandbox/fies/pixman/install-sh'
libdir='${exec_prefix}/lib'
libexecdir='${exec_prefix}/libexec'
localedir='${datarootdir}/locale'
localstatedir='${prefix}/var'
mandir='${datarootdir}/man'
mkdir_p='$(MKDIR_P)'
oldincludedir='/usr/include'
pdfdir='${docdir}'
prefix='/usr/local'
program_transform_name='s,x,x,'
psdir='${docdir}'
sbindir='${exec_prefix}/sbin'
sharedstatedir='${prefix}/com'
sysconfdir='${prefix}/etc'
target_alias=''

## ----------- ##
## confdefs.h. ##
## ----------- ##

/* confdefs.h */
#define PACKAGE_NAME "pixman"
#define PACKAGE_TARNAME "pixman"
#define PACKAGE_VERSION "0.18.4"
#define PACKAGE_STRING "pixman 0.18.4"
#define PACKAGE_BUGREPORT ""pixman@lists.freedesktop.org""
#define PACKAGE_URL ""
#define PACKAGE "pixman"
#define VERSION "0.18.4"
#define STDC_HEADERS 1
#define HAVE_SYS_TYPES_H 1
#define HAVE_SYS_STAT_H 1
#define HAVE_STDLIB_H 1
#define HAVE_STRING_H 1
#define HAVE_MEMORY_H 1
#define HAVE_STRINGS_H 1
#define HAVE_INTTYPES_H 1
#define HAVE_STDINT_H 1
#define HAVE_UNISTD_H 1
#define HAVE_DLFCN_H 1
#define LT_OBJDIR ".libs/"
#define SIZEOF_LONG 4
#define USE_MMX 1
#define USE_SSE2 1
#define USE_GCC_INLINE_ASM 1
#define HAVE_POSIX_MEMALIGN 1
#define TOOLCHAIN_SUPPORTS__THREAD /**/

configure: exit 0

## ---------------------- ##
## Running config.status. ##
## ---------------------- ##

This file was extended by pixman config.status 0.18.4, which was
generated by GNU Autoconf 2.69.  Invocation command line was

  CONFIG_FILES    = 
  CONFIG_HEADERS  = 
  CONFIG_LINKS    = 
  CONFIG_COMMANDS = 
  $ ./config.status 

on bernhardsp-VirtualBox

config.status:1131: creating pixman-1.pc
config.status:1131: creating pixman-1-uninstalled.pc
config.status:1131: creating Makefile
config.status:1131: creating pixman/Makefile
config.status:1131: creating pixman/pixman-version.h
config.status:1131: creating test/Makefile
config.status:1131: creating config.h
config.status:1312: config.h is unchanged
config.status:1360: executing depfiles commands
config.status:1360: executing libtool commands

## ---------------------- ##
## Running config.status. ##
## ---------------------- ##

This file was extended by pixman config.status 0.18.4, which was
generated by GNU Autoconf 2.69.  Invocation command line was

  CONFIG_FILES    = 
  CONFIG_HEADERS  = 
  CONFIG_LINKS    = 
  CONFIG_COMMANDS = 
  $ ./config.status config.h

on bernhardsp-VirtualBox

config.status:1131: creating config.h
config.status:1312: config.h is unchanged
